#
# A fatal error has been detected by the Java Runtime Environment:
#
#  SIGSEGV (0xb) at pc=0x7ddb6829, pid=2751, tid=2130529088
#
# JRE version: Java(TM) SE Runtime Environment (8.0_91-b14) (build 1.8.0_91-b14)
# Java VM: Java HotSpot(TM) Server VM (25.91-b14 mixed mode linux-x86 )
# Problematic frame:
# C  [libscipopt.so+0x4c5829]  SCIPfreeProb+0x19
#
# Failed to write core dump. Core dumps have been disabled. To enable core dumping, try "ulimit -c unlimited" before starting Java again
#
# If you would like to submit a bug report, please visit:
#   http://bugreport.java.com/bugreport/crash.jsp
# The crash happened outside the Java Virtual Machine in native code.
# See problematic frame for where to report the bug.
#

---------------  T H R E A D  ---------------

Current thread (0x7f9fb800):  JavaThread "AWT-EventQueue-0" [_thread_in_native, id=2774, stack(0x7ef84000,0x7efd5000)]

siginfo: si_signo: 11 (SIGSEGV), si_code: 1 (SEGV_MAPERR), si_addr: 0x00000398

Registers:
EAX=0x00000000, EBX=0x7e1e5000, ECX=0x7f9fb938, EDX=0x7e415040
ESP=0x7efd2934, EBP=0x7efd29b8, ESI=0x7e65d0e8, EDI=0x7e415040
EIP=0x7ddb6829, EFLAGS=0x00010202, CR2=0x00000398

Top of Stack: (sp=0x7efd2934)
0x7efd2934:   7dfa1008 b759ec19 7e1e5000 7efd29c0
0x7efd2944:   7efd29c0 7efd29b8 7dc70683 7e415040
0x7efd2954:   b774ff10 7ddb6819 7e1e5000 7e65d0e8
0x7efd2964:   7efd29c0 7efd29b8 7ddb6a5c 7e415040
0x7efd2974:   7dfb3e63 00000316 7ddb6a4c 7ef1f000
0x7efd2984:   7e65d0e8 7f9fb800 7ef197eb 7efd29c0
0x7efd2994:   7ef1f000 7e65d0e8 7ef197d9 7efd29f8
0x7efd29a4:   b774ff10 7e415040 00000001 7ef1f000 

Instructions: (pc=0x7ddb6829)
0x7ddb6809:   c4 10 eb 80 8d 76 00 55 57 56 53 e8 f7 e6 bf ff
0x7ddb6819:   81 c3 e7 e7 42 00 83 ec 28 8b 7c 24 3c 8b 47 04
0x7ddb6829:   8b a8 98 03 00 00 c7 80 98 03 00 00 00 00 00 00
0x7ddb6839:   57 e8 41 aa bb ff 83 c4 10 83 f8 01 0f 85 a5 00 

Register to memory mapping:

EAX=0x00000000 is an unknown value
EBX=0x7e1e5000: <offset 0x8f4000> in /home/nicolas/Documentos/tesis/JSCIP/JScipOpt/lib/../lib/libscipopt.so at 0x7d8f1000
ECX=0x7f9fb938 is an unknown value
EDX=0x7e415040 is an unknown value
ESP=0x7efd2934 is pointing into the stack for thread: 0x7f9fb800
EBP=0x7efd29b8 is pointing into the stack for thread: 0x7f9fb800
ESI={method} {0x7e65d0e8} 'freeSCIP' '(J)V' in 'jscip/SCIPJNIJNI'
EDI=0x7e415040 is an unknown value


Stack: [0x7ef84000,0x7efd5000],  sp=0x7efd2934,  free space=314k
Native frames: (J=compiled Java code, j=interpreted, Vv=VM code, C=native code)
C  [libscipopt.so+0x4c5829]  SCIPfreeProb+0x19
C  [libjscip.so+0x4c46]  Java_jscip_SCIPJNIJNI_freeSCIP+0x39
j  jscip.SCIPJNIJNI.freeSCIP(J)V+0
j  jscip.SCIPJNI.freeSCIP(Ljscip/SWIGTYPE_p_SCIP;)V+4
j  jscip.Scip.free()V+25
j  Solver.SystemSolver.solve([Ljava/util/LinkedList;ILParsing/OsmParserAndCustomizer;ZI)V+586
j  Main.OSMtoGraph$1.actionPerformed(Ljava/awt/event/ActionEvent;)V+129
j  javax.swing.AbstractButton.fireActionPerformed(Ljava/awt/event/ActionEvent;)V+83
j  javax.swing.AbstractButton$Handler.actionPerformed(Ljava/awt/event/ActionEvent;)V+5
j  javax.swing.DefaultButtonModel.fireActionPerformed(Ljava/awt/event/ActionEvent;)V+34
j  javax.swing.DefaultButtonModel.setPressed(Z)V+117
j  javax.swing.plaf.basic.BasicButtonListener.mouseReleased(Ljava/awt/event/MouseEvent;)V+35
j  java.awt.Component.processMouseEvent(Ljava/awt/event/MouseEvent;)V+64
j  javax.swing.JComponent.processMouseEvent(Ljava/awt/event/MouseEvent;)V+23
j  java.awt.Component.processEvent(Ljava/awt/AWTEvent;)V+81
j  java.awt.Container.processEvent(Ljava/awt/AWTEvent;)V+18
j  java.awt.Component.dispatchEventImpl(Ljava/awt/AWTEvent;)V+589
j  java.awt.Container.dispatchEventImpl(Ljava/awt/AWTEvent;)V+42
j  java.awt.Component.dispatchEvent(Ljava/awt/AWTEvent;)V+2
j  java.awt.LightweightDispatcher.retargetMouseEvent(Ljava/awt/Component;ILjava/awt/event/MouseEvent;)V+327
j  java.awt.LightweightDispatcher.processMouseEvent(Ljava/awt/event/MouseEvent;)Z+155
j  java.awt.LightweightDispatcher.dispatchEvent(Ljava/awt/AWTEvent;)Z+50
j  java.awt.Container.dispatchEventImpl(Ljava/awt/AWTEvent;)V+12
j  java.awt.Window.dispatchEventImpl(Ljava/awt/AWTEvent;)V+19
j  java.awt.Component.dispatchEvent(Ljava/awt/AWTEvent;)V+2
j  java.awt.EventQueue.dispatchEventImpl(Ljava/awt/AWTEvent;Ljava/lang/Object;)V+41
j  java.awt.EventQueue.access$500(Ljava/awt/EventQueue;Ljava/awt/AWTEvent;Ljava/lang/Object;)V+3
j  java.awt.EventQueue$3.run()Ljava/lang/Void;+32
j  java.awt.EventQueue$3.run()Ljava/lang/Object;+1
v  ~StubRoutines::call_stub
V  [libjvm.so+0x4fddef]  JavaCalls::call_helper(JavaValue*, methodHandle*, JavaCallArguments*, Thread*)+0x101f
V  [libjvm.so+0x74e7f9]  os::os_exception_wrapper(void (*)(JavaValue*, methodHandle*, JavaCallArguments*, Thread*), JavaValue*, methodHandle*, JavaCallArguments*, Thread*)+0x19
V  [libjvm.so+0x4fc3bf]  JavaCalls::call(JavaValue*, methodHandle, JavaCallArguments*, Thread*)+0x2f
V  [libjvm.so+0x57f580]  JVM_DoPrivileged+0x2a0
C  [libjava.so+0x9f7a]  Java_java_security_AccessController_doPrivileged__Ljava_security_PrivilegedAction_2Ljava_security_AccessControlContext_2+0x3a
j  java.security.AccessController.doPrivileged(Ljava/security/PrivilegedAction;Ljava/security/AccessControlContext;)Ljava/lang/Object;+0
j  java.security.ProtectionDomain$JavaSecurityAccessImpl.doIntersectionPrivilege(Ljava/security/PrivilegedAction;Ljava/security/AccessControlContext;Ljava/security/AccessControlContext;)Ljava/lang/Object;+18
j  java.security.ProtectionDomain$JavaSecurityAccessImpl.doIntersectionPrivilege(Ljava/security/PrivilegedAction;Ljava/security/AccessControlContext;)Ljava/lang/Object;+6
j  java.awt.EventQueue$4.run()Ljava/lang/Void;+11
j  java.awt.EventQueue$4.run()Ljava/lang/Object;+1
v  ~StubRoutines::call_stub
V  [libjvm.so+0x4fddef]  JavaCalls::call_helper(JavaValue*, methodHandle*, JavaCallArguments*, Thread*)+0x101f
V  [libjvm.so+0x74e7f9]  os::os_exception_wrapper(void (*)(JavaValue*, methodHandle*, JavaCallArguments*, Thread*), JavaValue*, methodHandle*, JavaCallArguments*, Thread*)+0x19
V  [libjvm.so+0x4fc3bf]  JavaCalls::call(JavaValue*, methodHandle, JavaCallArguments*, Thread*)+0x2f
V  [libjvm.so+0x57f580]  JVM_DoPrivileged+0x2a0
C  [libjava.so+0x9f7a]  Java_java_security_AccessController_doPrivileged__Ljava_security_PrivilegedAction_2Ljava_security_AccessControlContext_2+0x3a
j  java.security.AccessController.doPrivileged(Ljava/security/PrivilegedAction;Ljava/security/AccessControlContext;)Ljava/lang/Object;+0
j  java.security.ProtectionDomain$JavaSecurityAccessImpl.doIntersectionPrivilege(Ljava/security/PrivilegedAction;Ljava/security/AccessControlContext;Ljava/security/AccessControlContext;)Ljava/lang/Object;+18
j  java.awt.EventQueue.dispatchEvent(Ljava/awt/AWTEvent;)V+73
j  java.awt.EventDispatchThread.pumpOneEventForFilters(I)V+245
j  java.awt.EventDispatchThread.pumpEventsForFilter(ILjava/awt/Conditional;Ljava/awt/EventFilter;)V+35
j  java.awt.EventDispatchThread.pumpEventsForHierarchy(ILjava/awt/Conditional;Ljava/awt/Component;)V+11
j  java.awt.EventDispatchThread.pumpEvents(ILjava/awt/Conditional;)V+4
j  java.awt.EventDispatchThread.pumpEvents(Ljava/awt/Conditional;)V+3
j  java.awt.EventDispatchThread.run()V+9
v  ~StubRoutines::call_stub
V  [libjvm.so+0x4fddef]  JavaCalls::call_helper(JavaValue*, methodHandle*, JavaCallArguments*, Thread*)+0x101f
V  [libjvm.so+0x74e7f9]  os::os_exception_wrapper(void (*)(JavaValue*, methodHandle*, JavaCallArguments*, Thread*), JavaValue*, methodHandle*, JavaCallArguments*, Thread*)+0x19
V  [libjvm.so+0x4fe1fc]  JavaCalls::call_virtual(JavaValue*, KlassHandle, Symbol*, Symbol*, JavaCallArguments*, Thread*)+0x25c
V  [libjvm.so+0x4fe63b]  JavaCalls::call_virtual(JavaValue*, Handle, KlassHandle, Symbol*, Symbol*, Thread*)+0x4b
V  [libjvm.so+0x591230]  thread_entry(JavaThread*, Thread*)+0x90
V  [libjvm.so+0x8839a9]  JavaThread::thread_main_inner()+0x109
V  [libjvm.so+0x883b2b]  JavaThread::run()+0x14b
V  [libjvm.so+0x755d19]  java_start(Thread*)+0x119
C  [libpthread.so.0+0x62b5]  start_thread+0xe5
C  [libc.so.6+0xe716e]  clone+0x6e

Java frames: (J=compiled Java code, j=interpreted, Vv=VM code)
j  jscip.SCIPJNIJNI.freeSCIP(J)V+0
j  jscip.SCIPJNI.freeSCIP(Ljscip/SWIGTYPE_p_SCIP;)V+4
j  jscip.Scip.free()V+25
j  Solver.SystemSolver.solve([Ljava/util/LinkedList;ILParsing/OsmParserAndCustomizer;ZI)V+586
j  Main.OSMtoGraph$1.actionPerformed(Ljava/awt/event/ActionEvent;)V+129
j  javax.swing.AbstractButton.fireActionPerformed(Ljava/awt/event/ActionEvent;)V+83
j  javax.swing.AbstractButton$Handler.actionPerformed(Ljava/awt/event/ActionEvent;)V+5
j  javax.swing.DefaultButtonModel.fireActionPerformed(Ljava/awt/event/ActionEvent;)V+34
j  javax.swing.DefaultButtonModel.setPressed(Z)V+117
j  javax.swing.plaf.basic.BasicButtonListener.mouseReleased(Ljava/awt/event/MouseEvent;)V+35
j  java.awt.Component.processMouseEvent(Ljava/awt/event/MouseEvent;)V+64
j  javax.swing.JComponent.processMouseEvent(Ljava/awt/event/MouseEvent;)V+23
j  java.awt.Component.processEvent(Ljava/awt/AWTEvent;)V+81
j  java.awt.Container.processEvent(Ljava/awt/AWTEvent;)V+18
j  java.awt.Component.dispatchEventImpl(Ljava/awt/AWTEvent;)V+589
j  java.awt.Container.dispatchEventImpl(Ljava/awt/AWTEvent;)V+42
j  java.awt.Component.dispatchEvent(Ljava/awt/AWTEvent;)V+2
j  java.awt.LightweightDispatcher.retargetMouseEvent(Ljava/awt/Component;ILjava/awt/event/MouseEvent;)V+327
j  java.awt.LightweightDispatcher.processMouseEvent(Ljava/awt/event/MouseEvent;)Z+155
j  java.awt.LightweightDispatcher.dispatchEvent(Ljava/awt/AWTEvent;)Z+50
j  java.awt.Container.dispatchEventImpl(Ljava/awt/AWTEvent;)V+12
j  java.awt.Window.dispatchEventImpl(Ljava/awt/AWTEvent;)V+19
j  java.awt.Component.dispatchEvent(Ljava/awt/AWTEvent;)V+2
j  java.awt.EventQueue.dispatchEventImpl(Ljava/awt/AWTEvent;Ljava/lang/Object;)V+41
j  java.awt.EventQueue.access$500(Ljava/awt/EventQueue;Ljava/awt/AWTEvent;Ljava/lang/Object;)V+3
j  java.awt.EventQueue$3.run()Ljava/lang/Void;+32
j  java.awt.EventQueue$3.run()Ljava/lang/Object;+1
v  ~StubRoutines::call_stub
j  java.security.AccessController.doPrivileged(Ljava/security/PrivilegedAction;Ljava/security/AccessControlContext;)Ljava/lang/Object;+0
j  java.security.ProtectionDomain$JavaSecurityAccessImpl.doIntersectionPrivilege(Ljava/security/PrivilegedAction;Ljava/security/AccessControlContext;Ljava/security/AccessControlContext;)Ljava/lang/Object;+18
j  java.security.ProtectionDomain$JavaSecurityAccessImpl.doIntersectionPrivilege(Ljava/security/PrivilegedAction;Ljava/security/AccessControlContext;)Ljava/lang/Object;+6
j  java.awt.EventQueue$4.run()Ljava/lang/Void;+11
j  java.awt.EventQueue$4.run()Ljava/lang/Object;+1
v  ~StubRoutines::call_stub
j  java.security.AccessController.doPrivileged(Ljava/security/PrivilegedAction;Ljava/security/AccessControlContext;)Ljava/lang/Object;+0
j  java.security.ProtectionDomain$JavaSecurityAccessImpl.doIntersectionPrivilege(Ljava/security/PrivilegedAction;Ljava/security/AccessControlContext;Ljava/security/AccessControlContext;)Ljava/lang/Object;+18
j  java.awt.EventQueue.dispatchEvent(Ljava/awt/AWTEvent;)V+73
j  java.awt.EventDispatchThread.pumpOneEventForFilters(I)V+245
j  java.awt.EventDispatchThread.pumpEventsForFilter(ILjava/awt/Conditional;Ljava/awt/EventFilter;)V+35
j  java.awt.EventDispatchThread.pumpEventsForHierarchy(ILjava/awt/Conditional;Ljava/awt/Component;)V+11
j  java.awt.EventDispatchThread.pumpEvents(ILjava/awt/Conditional;)V+4
j  java.awt.EventDispatchThread.pumpEvents(Ljava/awt/Conditional;)V+3
j  java.awt.EventDispatchThread.run()V+9
v  ~StubRoutines::call_stub

---------------  P R O C E S S  ---------------

Java Threads: ( => current thread )
  0x7eeef000 JavaThread "TimerQueue" daemon [_thread_blocked, id=2780, stack(0x7eb5e000,0x7ebaf000)]
  0xb6507c00 JavaThread "DestroyJavaVM" [_thread_blocked, id=2755, stack(0xb6672000,0xb66c3000)]
=>0x7f9fb800 JavaThread "AWT-EventQueue-0" [_thread_in_native, id=2774, stack(0x7ef84000,0x7efd5000)]
  0x7f9c9400 JavaThread "AWT-Shutdown" [_thread_blocked, id=2773, stack(0x7f1ff000,0x7f250000)]
  0x7f99c800 JavaThread "AWT-XAWT" daemon [_thread_in_native, id=2772, stack(0x7f450000,0x7f4a1000)]
  0x7f985000 JavaThread "Java2D Disposer" daemon [_thread_blocked, id=2771, stack(0x7f4a1000,0x7f4f2000)]
  0x80138c00 JavaThread "Service Thread" daemon [_thread_blocked, id=2768, stack(0x7fb07000,0x7fb58000)]
  0x80135c00 JavaThread "C1 CompilerThread1" daemon [_thread_blocked, id=2767, stack(0x7fb58000,0x7fbd9000)]
  0x80133c00 JavaThread "C2 CompilerThread0" daemon [_thread_in_native, id=2766, stack(0x7fbd9000,0x7fc5a000)]
  0x80132400 JavaThread "Signal Dispatcher" daemon [_thread_blocked, id=2765, stack(0x7fc5a000,0x7fcab000)]
  0x80118000 JavaThread "Finalizer" daemon [_thread_blocked, id=2764, stack(0x7ffdd000,0x8002e000)]
  0x80115000 JavaThread "Reference Handler" daemon [_thread_blocked, id=2763, stack(0x8002e000,0x8007f000)]

Other Threads:
  0x80110800 VMThread [stack: 0x8007f000,0x80100000] [id=2762]
  0x8013ac00 WatcherThread [stack: 0x7fa86000,0x7fb07000] [id=2769]

VM state:not at safepoint (normal execution)

VM Mutex/Monitor currently owned by a thread: None

Heap:
 PSYoungGen      total 198400K, used 6166K [0x9ab80000, 0xa7000000, 0xa7000000)
  eden space 195840K, 2% used [0x9ab80000,0x9af75bb0,0xa6ac0000)
  from space 2560K, 82% used [0xa6ac0000,0xa6cd0010,0xa6d40000)
  to   space 2560K, 0% used [0xa6d80000,0xa6d80000,0xa7000000)
 ParOldGen       total 26112K, used 7987K [0x82200000, 0x83b80000, 0x9ab80000)
  object space 26112K, 30% used [0x82200000,0x829ccc60,0x83b80000)
 Metaspace       used 9693K, capacity 9888K, committed 10008K, reserved 10544K

Card table byte_map: [0x820d8000,0x82200000] byte_map_base: 0x81cc7000

Marking Bits: (ParMarkBitMap*) 0xb711bbc0
 Begin Bits: [0x80a90000, 0x813c8000)
 End Bits:   [0x813c8000, 0x81d00000)

Polling page: 0xb7729000

CodeCache: size=245760Kb used=4733Kb max_used=4733Kb free=241026Kb
 bounds [0xa74d3000, 0xa797b000, 0xb64d3000]
 total_blobs=1876 nmethods=1565 adapters=226
 compilation: enabled

Compilation events (10 events):
Event: 16,604 Thread 0x80135c00 1581       1       GraphComponents.DirectedEdge::from (5 bytes)
Event: 16,604 Thread 0x80135c00 nmethod 1581 0xa7972208 code [0xa7972300, 0xa79723a0]
Event: 16,604 Thread 0x80135c00 1582       1       GraphComponents.DirectedEdge::to (5 bytes)
Event: 16,604 Thread 0x80135c00 nmethod 1582 0xa7972408 code [0xa7972500, 0xa79725a0]
Event: 16,606 Thread 0x80135c00 1583       1       java.net.URLStreamHandler::getDefaultPort (2 bytes)
Event: 16,606 Thread 0x80135c00 nmethod 1583 0xa7972608 code [0xa7972700, 0xa79727a0]
Event: 16,607 Thread 0x80135c00 1584       2       java.util.BitSet::wordIndex (5 bytes)
Event: 16,607 Thread 0x80135c00 nmethod 1584 0xa7972808 code [0xa7972900, 0xa79729a0]
Event: 16,609 Thread 0x80135c00 1585   !   2       java.lang.ClassLoader::findNative (86 bytes)
Event: 16,610 Thread 0x80135c00 nmethod 1585 0xa7972a08 code [0xa7972ba0, 0xa7973098]

GC Heap History (10 events):
Event: 13,476 GC heap before
{Heap before GC invocations=9 (full 0):
 PSYoungGen      total 80384K, used 78608K [0x9ab80000, 0x9fc80000, 0xa7000000)
  eden space 77824K, 100% used [0x9ab80000,0x9f780000,0x9f780000)
  from space 2560K, 30% used [0x9fa00000,0x9fac4000,0x9fc80000)
  to   space 2560K, 0% used [0x9f780000,0x9f780000,0x9fa00000)
 ParOldGen       total 26112K, used 2519K [0x82200000, 0x83b80000, 0x9ab80000)
  object space 26112K, 9% used [0x82200000,0x82475c50,0x83b80000)
 Metaspace       used 9627K, capacity 9824K, committed 9880K, reserved 10544K
Event: 13,481 GC heap after
Heap after GC invocations=9 (full 0):
 PSYoungGen      total 80384K, used 1488K [0x9ab80000, 0xa2a40000, 0xa7000000)
  eden space 77824K, 0% used [0x9ab80000,0x9ab80000,0x9f780000)
  from space 2560K, 58% used [0x9f780000,0x9f8f4000,0x9fa00000)
  to   space 2560K, 0% used [0xa27c0000,0xa27c0000,0xa2a40000)
 ParOldGen       total 26112K, used 2579K [0x82200000, 0x83b80000, 0x9ab80000)
  object space 26112K, 9% used [0x82200000,0x82484c50,0x83b80000)
 Metaspace       used 9627K, capacity 9824K, committed 9880K, reserved 10544K
}
Event: 13,907 GC heap before
{Heap before GC invocations=10 (full 0):
 PSYoungGen      total 80384K, used 79312K [0x9ab80000, 0xa2a40000, 0xa7000000)
  eden space 77824K, 100% used [0x9ab80000,0x9f780000,0x9f780000)
  from space 2560K, 58% used [0x9f780000,0x9f8f4000,0x9fa00000)
  to   space 2560K, 0% used [0xa27c0000,0xa27c0000,0xa2a40000)
 ParOldGen       total 26112K, used 2579K [0x82200000, 0x83b80000, 0x9ab80000)
  object space 26112K, 9% used [0x82200000,0x82484c50,0x83b80000)
 Metaspace       used 9628K, capacity 9824K, committed 9880K, reserved 10544K
Event: 13,915 GC heap after
Heap after GC invocations=10 (full 0):
 PSYoungGen      total 127232K, used 1664K [0x9ab80000, 0xa2a40000, 0xa7000000)
  eden space 124672K, 0% used [0x9ab80000,0x9ab80000,0xa2540000)
  from space 2560K, 65% used [0xa27c0000,0xa2960000,0xa2a40000)
  to   space 2560K, 0% used [0xa2540000,0xa2540000,0xa27c0000)
 ParOldGen       total 26112K, used 3299K [0x82200000, 0x83b80000, 0x9ab80000)
  object space 26112K, 12% used [0x82200000,0x82538c50,0x83b80000)
 Metaspace       used 9628K, capacity 9824K, committed 9880K, reserved 10544K
}
Event: 14,647 GC heap before
{Heap before GC invocations=11 (full 0):
 PSYoungGen      total 127232K, used 126336K [0x9ab80000, 0xa2a40000, 0xa7000000)
  eden space 124672K, 100% used [0x9ab80000,0xa2540000,0xa2540000)
  from space 2560K, 65% used [0xa27c0000,0xa2960000,0xa2a40000)
  to   space 2560K, 0% used [0xa2540000,0xa2540000,0xa27c0000)
 ParOldGen       total 26112K, used 3299K [0x82200000, 0x83b80000, 0x9ab80000)
  object space 26112K, 12% used [0x82200000,0x82538c50,0x83b80000)
 Metaspace       used 9629K, capacity 9824K, committed 9880K, reserved 10544K
Event: 14,656 GC heap after
Heap after GC invocations=11 (full 0):
 PSYoungGen      total 127232K, used 1280K [0x9ab80000, 0xa6f80000, 0xa7000000)
  eden space 124672K, 0% used [0x9ab80000,0x9ab80000,0xa2540000)
  from space 2560K, 50% used [0xa2540000,0xa2680010,0xa27c0000)
  to   space 2304K, 0% used [0xa6d40000,0xa6d40000,0xa6f80000)
 ParOldGen       total 26112K, used 4963K [0x82200000, 0x83b80000, 0x9ab80000)
  object space 26112K, 19% used [0x82200000,0x826d8c50,0x83b80000)
 Metaspace       used 9629K, capacity 9824K, committed 9880K, reserved 10544K
}
Event: 15,396 GC heap before
{Heap before GC invocations=12 (full 0):
 PSYoungGen      total 127232K, used 125952K [0x9ab80000, 0xa6f80000, 0xa7000000)
  eden space 124672K, 100% used [0x9ab80000,0xa2540000,0xa2540000)
  from space 2560K, 50% used [0xa2540000,0xa2680010,0xa27c0000)
  to   space 2304K, 0% used [0xa6d40000,0xa6d40000,0xa6f80000)
 ParOldGen       total 26112K, used 4963K [0x82200000, 0x83b80000, 0x9ab80000)
  object space 26112K, 19% used [0x82200000,0x826d8c50,0x83b80000)
 Metaspace       used 9629K, capacity 9824K, committed 9880K, reserved 10544K
Event: 15,406 GC heap after
Heap after GC invocations=12 (full 0):
 PSYoungGen      total 198144K, used 1776K [0x9ab80000, 0xa7000000, 0xa7000000)
  eden space 195840K, 0% used [0x9ab80000,0x9ab80000,0xa6ac0000)
  from space 2304K, 77% used [0xa6d40000,0xa6efc000,0xa6f80000)
  to   space 2560K, 0% used [0xa6ac0000,0xa6ac0000,0xa6d40000)
 ParOldGen       total 26112K, used 6219K [0x82200000, 0x83b80000, 0x9ab80000)
  object space 26112K, 23% used [0x82200000,0x82812c60,0x83b80000)
 Metaspace       used 9629K, capacity 9824K, committed 9880K, reserved 10544K
}
Event: 16,522 GC heap before
{Heap before GC invocations=13 (full 0):
 PSYoungGen      total 198144K, used 197616K [0x9ab80000, 0xa7000000, 0xa7000000)
  eden space 195840K, 100% used [0x9ab80000,0xa6ac0000,0xa6ac0000)
  from space 2304K, 77% used [0xa6d40000,0xa6efc000,0xa6f80000)
  to   space 2560K, 0% used [0xa6ac0000,0xa6ac0000,0xa6d40000)
 ParOldGen       total 26112K, used 6219K [0x82200000, 0x83b80000, 0x9ab80000)
  object space 26112K, 23% used [0x82200000,0x82812c60,0x83b80000)
 Metaspace       used 9629K, capacity 9824K, committed 9880K, reserved 10544K
Event: 16,534 GC heap after
Heap after GC invocations=13 (full 0):
 PSYoungGen      total 198400K, used 2112K [0x9ab80000, 0xa7000000, 0xa7000000)
  eden space 195840K, 0% used [0x9ab80000,0x9ab80000,0xa6ac0000)
  from space 2560K, 82% used [0xa6ac0000,0xa6cd0010,0xa6d40000)
  to   space 2560K, 0% used [0xa6d80000,0xa6d80000,0xa7000000)
 ParOldGen       total 26112K, used 7987K [0x82200000, 0x83b80000, 0x9ab80000)
  object space 26112K, 30% used [0x82200000,0x829ccc60,0x83b80000)
 Metaspace       used 9629K, capacity 9824K, committed 9880K, reserved 10544K
}

Deoptimization events (10 events):
Event: 2,343 Thread 0x7f9fb800 Uncommon trap: reason=class_check action=maybe_recompile pc=0xa75c93cc method=java.lang.String.equals(Ljava/lang/Object;)Z @ 8
Event: 2,344 Thread 0x7f9fb800 Uncommon trap: reason=class_check action=maybe_recompile pc=0xa75c93cc method=java.lang.String.equals(Ljava/lang/Object;)Z @ 8
Event: 2,344 Thread 0x7f9fb800 Uncommon trap: reason=class_check action=maybe_recompile pc=0xa75c93cc method=java.lang.String.equals(Ljava/lang/Object;)Z @ 8
Event: 11,174 Thread 0x7f9fb800 Uncommon trap: reason=unstable_if action=reinterpret pc=0xa7768ba0 method=org.kxml2.io.KXmlParser.peek(I)I @ 36
Event: 11,436 Thread 0x7f9fb800 Uncommon trap: reason=unstable_if action=reinterpret pc=0xa778ba0c method=org.kxml2.io.KXmlParser.pushText(IZ)V @ 11
Event: 12,815 Thread 0x7f9fb800 Uncommon trap: reason=unstable_if action=reinterpret pc=0xa784562c method=Polygons.PolygonsGeneratorFromFilteredEntries.verificarSiHayInterseccionesYAgregarRef([Ljava/util/LinkedList;[Ljava/util/LinkedList;)LGraphComponents/Pair; @ 61
Event: 12,820 Thread 0x7f9fb800 Uncommon trap: reason=unstable_if action=reinterpret pc=0xa786c1d0 method=Polygons.PolygonsGeneratorFromFilteredEntries.buscarAdyacentePorAnguloEntreAristas(Ljava/util/LinkedList;Ljava/util/Set;Ljava/util/LinkedList;)LGraphComponents/AdyacencyInfo; @ 199
Event: 14,814 Thread 0x7f9fb800 Uncommon trap: reason=unstable_if action=reinterpret pc=0xa793ad94 method=sun.awt.geom.Edge.compareTo(Lsun/awt/geom/Edge;[D)I @ 5
Event: 14,815 Thread 0x7f9fb800 Uncommon trap: reason=unstable_if action=reinterpret pc=0xa792e0e4 method=sun.awt.geom.AreaOp.resolveLinks(Ljava/util/Vector;Ljava/util/Vector;Ljava/util/Vector;)V @ 268
Event: 16,600 Thread 0x7f9fb800 Uncommon trap: reason=unstable_if action=reinterpret pc=0xa7866cf8 method=java.util.HashMap.clear()V @ 16

Internal exceptions (10 events):
Event: 0,396 Thread 0xb6507c00 Exception <a 'java/security/PrivilegedActionException'> (0x9ac51e20) thrown at [/HUDSON/workspace/8-2-build-linux-i586/jdk8u91/6644/hotspot/src/share/vm/prims/jvm.cpp, line 1386]
Event: 0,396 Thread 0xb6507c00 Exception <a 'java/security/PrivilegedActionException'> (0x9ac54028) thrown at [/HUDSON/workspace/8-2-build-linux-i586/jdk8u91/6644/hotspot/src/share/vm/prims/jvm.cpp, line 1386]
Event: 0,396 Thread 0xb6507c00 Exception <a 'java/security/PrivilegedActionException'> (0x9ac54228) thrown at [/HUDSON/workspace/8-2-build-linux-i586/jdk8u91/6644/hotspot/src/share/vm/prims/jvm.cpp, line 1386]
Event: 0,503 Thread 0xb6507c00 Exception <a 'java/lang/NoSuchFieldError': method resolution failed> (0x9ad14a28) thrown at [/HUDSON/workspace/8-2-build-linux-i586/jdk8u91/6644/hotspot/src/share/vm/prims/methodHandles.cpp, line 1146]
Event: 0,518 Thread 0xb6507c00 Exception <a 'java/lang/NoSuchFieldError': method resolution failed> (0x9ad20fa8) thrown at [/HUDSON/workspace/8-2-build-linux-i586/jdk8u91/6644/hotspot/src/share/vm/prims/methodHandles.cpp, line 1146]
Event: 0,549 Thread 0xb6507c00 Exception <a 'java/io/FileNotFoundException'> (0x9ad937e8) thrown at [/HUDSON/workspace/8-2-build-linux-i586/jdk8u91/6644/hotspot/src/share/vm/prims/jni.cpp, line 709]
Event: 0,549 Thread 0xb6507c00 Exception <a 'java/io/FileNotFoundException'> (0x9ad941b0) thrown at [/HUDSON/workspace/8-2-build-linux-i586/jdk8u91/6644/hotspot/src/share/vm/prims/jni.cpp, line 709]
Event: 1,197 Thread 0x7f9fb800 Exception <a 'java/lang/UnsupportedOperationException': > (0x9afcbef0) thrown at [/HUDSON/workspace/8-2-build-linux-i586/jdk8u91/6644/hotspot/src/share/vm/prims/jni.cpp, line 735]
Event: 2,576 Thread 0x7f9fb800 Exception <a 'java/lang/UnsupportedOperationException': > (0x9b1c4358) thrown at [/HUDSON/workspace/8-2-build-linux-i586/jdk8u91/6644/hotspot/src/share/vm/prims/jni.cpp, line 735]
Event: 16,600 Thread 0x7f9fb800 Implicit null exception at 0xa7866c1f to 0xa7866ce5

Events (10 events):
Event: 16,600 Thread 0x7f9fb800 DEOPT PACKING pc=0xa7866cf8 sp=0x7efd2a60
Event: 16,600 Thread 0x7f9fb800 DEOPT UNPACKING pc=0xa750dbd5 sp=0x7efd2a38 mode 2
Event: 16,605 loading class jscip/SWIGTYPE_p_p_SCIP_VAR
Event: 16,605 loading class jscip/SWIGTYPE_p_p_SCIP_VAR done
Event: 16,606 loading class jscip/SWIGTYPE_p_double
Event: 16,606 loading class jscip/SWIGTYPE_p_double done
Event: 16,607 loading class jscip/SWIGTYPE_p_SCIP_CONS
Event: 16,607 loading class jscip/SWIGTYPE_p_SCIP_CONS done
Event: 16,608 loading class jscip/Constraint
Event: 16,608 loading class jscip/Constraint done


Dynamic libraries:
08048000-08049000 r-xp 00000000 08:01 409698     /usr/lib/jvm/java-8-oracle/bin/java
08049000-0804a000 rw-p 00000000 08:01 409698     /usr/lib/jvm/java-8-oracle/bin/java
0846e000-08e48000 rw-p 00000000 00:00 0          [heap]
7d365000-7d500000 rw-p 00000000 00:00 0 
7d500000-7d5e7000 rw-p 00000000 00:00 0 
7d5e7000-7d600000 ---p 00000000 00:00 0 
7d77a000-7d8e7000 r-xp 00000000 08:01 130889     /usr/lib/i386-linux-gnu/libstdc++.so.6.0.21
7d8e7000-7d8e8000 ---p 0016d000 08:01 130889     /usr/lib/i386-linux-gnu/libstdc++.so.6.0.21
7d8e8000-7d8ed000 r--p 0016d000 08:01 130889     /usr/lib/i386-linux-gnu/libstdc++.so.6.0.21
7d8ed000-7d8ee000 rw-p 00172000 08:01 130889     /usr/lib/i386-linux-gnu/libstdc++.so.6.0.21
7d8ee000-7d8f1000 rw-p 00000000 00:00 0 
7d8f1000-7e1e1000 r-xp 00000000 08:01 1338726    /home/nicolas/Documentos/tesis/JSCIP/scipoptsuite-3.2.1/lib/libscipopt-3.2.1.linux.x86.gnu.opt.so
7e1e1000-7e1e5000 r--p 008ef000 08:01 1338726    /home/nicolas/Documentos/tesis/JSCIP/scipoptsuite-3.2.1/lib/libscipopt-3.2.1.linux.x86.gnu.opt.so
7e1e5000-7e1ea000 rw-p 008f3000 08:01 1338726    /home/nicolas/Documentos/tesis/JSCIP/scipoptsuite-3.2.1/lib/libscipopt-3.2.1.linux.x86.gnu.opt.so
7e1ea000-7e200000 rw-p 00000000 00:00 0 
7e200000-7e2bc000 rw-p 00000000 00:00 0 
7e2bc000-7e300000 ---p 00000000 00:00 0 
7e349000-7e400000 rw-p 00000000 00:00 0 
7e400000-7e500000 rw-p 00000000 00:00 0 
7e500000-7e5fa000 rw-p 00000000 00:00 0 
7e5fa000-7e600000 ---p 00000000 00:00 0 
7e600000-7e680000 rw-p 00000000 00:00 0 
7e680000-7e700000 ---p 00000000 00:00 0 
7e700000-7e900000 rw-p 00000000 00:00 0 
7e900000-7ea00000 rw-p 00000000 00:00 0 
7ea5e000-7eb5e000 rw-p 00000000 00:00 0 
7eb5e000-7eb61000 ---p 00000000 00:00 0 
7eb61000-7ebaf000 rw-p 00000000 00:00 0 
7ebaf000-7ebb2000 ---p 00000000 00:00 0 
7ebb2000-7ed00000 rw-p 00000000 00:00 0 
7ed00000-7ee00000 rw-p 00000000 00:00 0 
7ee00000-7ef00000 rw-p 00000000 00:00 0 
7ef17000-7ef1e000 r-xp 00000000 08:01 1311568    /home/nicolas/Documentos/tesis/JSCIP/JScipOpt/lib/libjscip.so
7ef1e000-7ef1f000 r--p 00006000 08:01 1311568    /home/nicolas/Documentos/tesis/JSCIP/JScipOpt/lib/libjscip.so
7ef1f000-7ef20000 rw-p 00007000 08:01 1311568    /home/nicolas/Documentos/tesis/JSCIP/JScipOpt/lib/libjscip.so
7ef20000-7ef23000 ---p 00000000 00:00 0 
7ef23000-7ef71000 rw-p 00000000 00:00 0 
7ef71000-7ef84000 r--s 00344000 08:01 410001     /usr/lib/jvm/java-8-oracle/jre/lib/resources.jar
7ef84000-7ef87000 ---p 00000000 00:00 0 
7ef87000-7efd5000 rw-p 00000000 00:00 0 
7efd5000-7f036000 r-xp 00000000 08:01 409848     /usr/lib/jvm/java-8-oracle/jre/lib/i386/libt2k.so
7f036000-7f03a000 rw-p 00060000 08:01 409848     /usr/lib/jvm/java-8-oracle/jre/lib/i386/libt2k.so
7f03a000-7f1ff000 rw-p 00000000 00:00 0 
7f1ff000-7f202000 ---p 00000000 00:00 0 
7f202000-7f350000 rw-p 00000000 00:00 0 
7f350000-7f450000 rw-p 00000000 00:00 0 
7f450000-7f453000 ---p 00000000 00:00 0 
7f453000-7f4a1000 rw-p 00000000 00:00 0 
7f4a1000-7f4a4000 ---p 00000000 00:00 0 
7f4a4000-7f4f2000 rw-p 00000000 00:00 0 
7f4f2000-7f50e000 r-xp 00000000 08:01 1309531    /lib/i386-linux-gnu/libgcc_s.so.1
7f50e000-7f50f000 rw-p 0001b000 08:01 1309531    /lib/i386-linux-gnu/libgcc_s.so.1
7f517000-7f526000 r-xp 00000000 08:01 409850     /usr/lib/jvm/java-8-oracle/jre/lib/i386/libnio.so
7f526000-7f527000 rw-p 0000e000 08:01 409850     /usr/lib/jvm/java-8-oracle/jre/lib/i386/libnio.so
7f527000-7f589000 r-xp 00000000 08:01 409838     /usr/lib/jvm/java-8-oracle/jre/lib/i386/libfontmanager.so
7f589000-7f58c000 rw-p 00061000 08:01 409838     /usr/lib/jvm/java-8-oracle/jre/lib/i386/libfontmanager.so
7f58c000-7f590000 rw-p 00000000 00:00 0 
7f590000-7f5b5000 r--p 00000000 08:01 404765     /usr/share/locale-langpack/es/LC_MESSAGES/libc.mo
7f5b5000-7f6fb000 r-xp 00000000 08:01 133202     /usr/lib/i386-linux-gnu/libX11.so.6.3.0
7f6fb000-7f6fc000 ---p 00146000 08:01 133202     /usr/lib/i386-linux-gnu/libX11.so.6.3.0
7f6fc000-7f6fd000 r--p 00146000 08:01 133202     /usr/lib/i386-linux-gnu/libX11.so.6.3.0
7f6fd000-7f6ff000 rw-p 00147000 08:01 133202     /usr/lib/i386-linux-gnu/libX11.so.6.3.0
7f6ff000-7f700000 rw-p 00000000 00:00 0 
7f700000-7f7fe000 rw-p 00000000 00:00 0 
7f7fe000-7f800000 ---p 00000000 00:00 0 
7f800000-7f815000 r-xp 00000000 08:01 409815     /usr/lib/jvm/java-8-oracle/jre/lib/i386/libnet.so
7f815000-7f816000 rw-p 00015000 08:01 409815     /usr/lib/jvm/java-8-oracle/jre/lib/i386/libnet.so
7f816000-7f83a000 r-xp 00000000 08:01 134577     /usr/lib/i386-linux-gnu/libxcb.so.1.1.0
7f83a000-7f83b000 r--p 00023000 08:01 134577     /usr/lib/i386-linux-gnu/libxcb.so.1.1.0
7f83b000-7f83c000 rw-p 00024000 08:01 134577     /usr/lib/i386-linux-gnu/libxcb.so.1.1.0
7f83c000-7f84d000 r-xp 00000000 08:01 133227     /usr/lib/i386-linux-gnu/libXi.so.6.1.0
7f84d000-7f84e000 r--p 00010000 08:01 133227     /usr/lib/i386-linux-gnu/libXi.so.6.1.0
7f84e000-7f84f000 rw-p 00011000 08:01 133227     /usr/lib/i386-linux-gnu/libXi.so.6.1.0
7f84f000-7f8d5000 r-xp 00000000 08:01 409862     /usr/lib/jvm/java-8-oracle/jre/lib/i386/libawt.so
7f8d5000-7f8dc000 rw-p 00086000 08:01 409862     /usr/lib/jvm/java-8-oracle/jre/lib/i386/libawt.so
7f8dc000-7f900000 rw-p 00000000 00:00 0 
7f900000-7f9fe000 rw-p 00000000 00:00 0 
7f9fe000-7fa00000 ---p 00000000 00:00 0 
7fa08000-7fa0d000 r-xp 00000000 08:01 133217     /usr/lib/i386-linux-gnu/libXdmcp.so.6.0.0
7fa0d000-7fa0e000 r--p 00004000 08:01 133217     /usr/lib/i386-linux-gnu/libXdmcp.so.6.0.0
7fa0e000-7fa0f000 rw-p 00005000 08:01 133217     /usr/lib/i386-linux-gnu/libXdmcp.so.6.0.0
7fa0f000-7fa14000 r-xp 00000000 08:01 133245     /usr/lib/i386-linux-gnu/libXtst.so.6.1.0
7fa14000-7fa15000 r--p 00004000 08:01 133245     /usr/lib/i386-linux-gnu/libXtst.so.6.1.0
7fa15000-7fa16000 rw-p 00005000 08:01 133245     /usr/lib/i386-linux-gnu/libXtst.so.6.1.0
7fa16000-7fa20000 r-xp 00000000 08:01 133239     /usr/lib/i386-linux-gnu/libXrender.so.1.3.0
7fa20000-7fa21000 r--p 00009000 08:01 133239     /usr/lib/i386-linux-gnu/libXrender.so.1.3.0
7fa21000-7fa22000 rw-p 0000a000 08:01 133239     /usr/lib/i386-linux-gnu/libXrender.so.1.3.0
7fa22000-7fa35000 r-xp 00000000 08:01 133219     /usr/lib/i386-linux-gnu/libXext.so.6.4.0
7fa35000-7fa36000 r--p 00012000 08:01 133219     /usr/lib/i386-linux-gnu/libXext.so.6.4.0
7fa36000-7fa37000 rw-p 00013000 08:01 133219     /usr/lib/i386-linux-gnu/libXext.so.6.4.0
7fa37000-7fa83000 r-xp 00000000 08:01 409823     /usr/lib/jvm/java-8-oracle/jre/lib/i386/libawt_xawt.so
7fa83000-7fa85000 rw-p 0004c000 08:01 409823     /usr/lib/jvm/java-8-oracle/jre/lib/i386/libawt_xawt.so
7fa85000-7fa86000 rw-p 00000000 00:00 0 
7fa86000-7fa87000 ---p 00000000 00:00 0 
7fa87000-7fb07000 rw-p 00000000 00:00 0 
7fb07000-7fb0a000 ---p 00000000 00:00 0 
7fb0a000-7fb58000 rw-p 00000000 00:00 0 
7fb58000-7fb5b000 ---p 00000000 00:00 0 
7fb5b000-7fbd9000 rw-p 00000000 00:00 0 
7fbd9000-7fbdc000 ---p 00000000 00:00 0 
7fbdc000-7fc5a000 rw-p 00000000 00:00 0 
7fc5a000-7fc5d000 ---p 00000000 00:00 0 
7fc5d000-7fcab000 rw-p 00000000 00:00 0 
7fcab000-7fddd000 r--p 00744000 08:01 138298     /usr/lib/locale/locale-archive
7fddd000-7ffdd000 r--p 00000000 08:01 138298     /usr/lib/locale/locale-archive
7ffdd000-7ffe0000 ---p 00000000 00:00 0 
7ffe0000-8002e000 rw-p 00000000 00:00 0 
8002e000-80031000 ---p 00000000 00:00 0 
80031000-8007f000 rw-p 00000000 00:00 0 
8007f000-80080000 ---p 00000000 00:00 0 
80080000-80100000 rw-p 00000000 00:00 0 
80100000-801f8000 rw-p 00000000 00:00 0 
801f8000-80200000 ---p 00000000 00:00 0 
80204000-80209000 r-xp 00000000 08:01 133221     /usr/lib/i386-linux-gnu/libXfixes.so.3.1.0
80209000-8020a000 r--p 00004000 08:01 133221     /usr/lib/i386-linux-gnu/libXfixes.so.3.1.0
8020a000-8020b000 rw-p 00005000 08:01 133221     /usr/lib/i386-linux-gnu/libXfixes.so.3.1.0
8020b000-80214000 r-xp 00000000 08:01 133213     /usr/lib/i386-linux-gnu/libXcursor.so.1.0.2
80214000-80215000 r--p 00008000 08:01 133213     /usr/lib/i386-linux-gnu/libXcursor.so.1.0.2
80215000-80216000 rw-p 00009000 08:01 133213     /usr/lib/i386-linux-gnu/libXcursor.so.1.0.2
80216000-8021d000 r--s 00000000 08:01 135705     /usr/lib/i386-linux-gnu/gconv/gconv-modules.cache
8021d000-803f6000 r--s 03d1f000 08:01 409786     /usr/lib/jvm/java-8-oracle/jre/lib/rt.jar
803f6000-8083c000 rw-p 00000000 00:00 0 
8083c000-80842000 ---p 00000000 00:00 0 
80842000-81d00000 rw-p 00000000 00:00 0 
81d00000-81dfe000 rw-p 00000000 00:00 0 
81dfe000-81e00000 ---p 00000000 00:00 0 
81e02000-81e04000 r-xp 00000000 08:01 133206     /usr/lib/i386-linux-gnu/libXau.so.6.0.0
81e04000-81e05000 r--p 00001000 08:01 133206     /usr/lib/i386-linux-gnu/libXau.so.6.0.0
81e05000-81e06000 rw-p 00002000 08:01 133206     /usr/lib/i386-linux-gnu/libXau.so.6.0.0
81e06000-81e08000 r--s 00003000 08:01 1311670    /home/nicolas/Documentos/tesis/JSCIP/JScipOpt/lib/scip.jar
81e08000-81e0c000 r--s 00022000 08:01 1192981    /home/nicolas/Documentos/tesis/libs/JMap/JMapViewer.jar
81e0c000-81e12000 r--s 002f8000 08:01 409872     /usr/lib/jvm/java-8-oracle/jre/lib/charsets.jar
81e12000-81e19000 r--s 00079000 08:01 1189851    /home/nicolas/Documentos/tesis/libs/jung/wstx-asl-3.2.6.jar
81e19000-81e1b000 r--s 00045000 08:01 1189850    /home/nicolas/Documentos/tesis/libs/jung/vecmath-1.3.1.jar
81e1b000-81e24000 r--s 0025d000 08:01 1189838    /home/nicolas/Documentos/tesis/libs/jung/j3d-core-1.3.1.jar
81e24000-81e7f000 rw-p 00000000 00:00 0 
81e7f000-81e80000 ---p 00000000 00:00 0 
81e80000-81f00000 rw-p 00000000 00:00 0 
81f00000-81f21000 rw-p 00000000 00:00 0 
81f21000-82000000 ---p 00000000 00:00 0 
82001000-82008000 r--s 00028000 08:01 1189837    /home/nicolas/Documentos/tesis/libs/jung/concurrent-1.3.4.jar
82008000-82057000 rw-p 00000000 00:00 0 
82057000-82058000 ---p 00000000 00:00 0 
82058000-820e5000 rw-p 00000000 00:00 0 
820e5000-8219c000 ---p 00000000 00:00 0 
8219c000-821ff000 rw-p 00000000 00:00 0 
821ff000-83b80000 rw-p 00000000 00:00 0 
83b80000-9ab80000 ---p 00000000 00:00 0 
9ab80000-a7000000 rw-p 00000000 00:00 0 
a7001000-a700f000 r--s 00081000 08:01 1189836    /home/nicolas/Documentos/tesis/libs/jung/colt-1.2.0.jar
a700f000-a701b000 r--s 00076000 08:01 1189828    /home/nicolas/Documentos/tesis/libs/jung/collections-generic-4.01.jar
a701b000-a7034000 r--s 00167000 08:01 1184861    /home/nicolas/Documentos/tesis/jgrapht-0.9.2/lib/jgrapht-ext-0.9.2-uber.jar
a7034000-a7040000 r--s 000bd000 08:01 1184857    /home/nicolas/Documentos/tesis/jgrapht-0.9.2/lib/jgraphx-2.0.0.1.jar
a7040000-a7048000 r--s 00059000 08:01 1184808    /home/nicolas/Documentos/tesis/jgrapht-0.9.2/lib/jgrapht-core-0.9.2.jar
a7048000-a704e000 r--s 00043000 08:01 1184860    /home/nicolas/Documentos/tesis/jgrapht-0.9.2/lib/jgraph-5.13.0.0.jar
a704e000-a705b000 rw-p 00000000 00:00 0 
a705b000-a7113000 ---p 00000000 00:00 0 
a7113000-a7126000 rw-p 00000000 00:00 0 
a7126000-a74d3000 ---p 00000000 00:00 0 
a74d3000-a797b000 rwxp 00000000 00:00 0 
a797b000-b64d3000 ---p 00000000 00:00 0 
b64d3000-b64ec000 r-xp 00000000 08:01 409816     /usr/lib/jvm/java-8-oracle/jre/lib/i386/libzip.so
b64ec000-b64ed000 rw-p 00019000 08:01 409816     /usr/lib/jvm/java-8-oracle/jre/lib/i386/libzip.so
b64ed000-b64f8000 r-xp 00000000 08:01 1309590    /lib/i386-linux-gnu/libnss_files-2.23.so
b64f8000-b64f9000 r--p 0000a000 08:01 1309590    /lib/i386-linux-gnu/libnss_files-2.23.so
b64f9000-b64fa000 rw-p 0000b000 08:01 1309590    /lib/i386-linux-gnu/libnss_files-2.23.so
b64fa000-b6500000 rw-p 00000000 00:00 0 
b6500000-b65f9000 rw-p 00000000 00:00 0 
b65f9000-b6600000 ---p 00000000 00:00 0 
b6600000-b6601000 r--s 0000a000 08:01 1190117    /home/nicolas/Documentos/tesis/libs/kxml2-2.3.0.jar
b6601000-b6603000 r--s 00005000 08:01 1189849    /home/nicolas/Documentos/tesis/libs/jung/stax-api-1.0.1.jar
b6603000-b6604000 r--s 00002000 08:01 1184862    /home/nicolas/Documentos/tesis/jgrapht-0.9.2/lib/jgrapht-demo-0.9.2.jar
b6604000-b660f000 r-xp 00000000 08:01 1309600    /lib/i386-linux-gnu/libnss_nis-2.23.so
b660f000-b6610000 r--p 0000a000 08:01 1309600    /lib/i386-linux-gnu/libnss_nis-2.23.so
b6610000-b6611000 rw-p 0000b000 08:01 1309600    /lib/i386-linux-gnu/libnss_nis-2.23.so
b6611000-b6628000 r-xp 00000000 08:01 1309584    /lib/i386-linux-gnu/libnsl-2.23.so
b6628000-b6629000 r--p 00016000 08:01 1309584    /lib/i386-linux-gnu/libnsl-2.23.so
b6629000-b662a000 rw-p 00017000 08:01 1309584    /lib/i386-linux-gnu/libnsl-2.23.so
b662a000-b662c000 rw-p 00000000 00:00 0 
b662c000-b662e000 r--s 00009000 08:01 1184855    /home/nicolas/Documentos/tesis/jgrapht-0.9.2/lib/jgrapht-ext-0.9.2.jar
b662e000-b663c000 rw-p 00000000 00:00 0 
b663c000-b6644000 rw-s 00000000 08:01 1308489    /tmp/hsperfdata_root/2751
b6644000-b6668000 r-xp 00000000 08:01 409831     /usr/lib/jvm/java-8-oracle/jre/lib/i386/libjava.so
b6668000-b6669000 rw-p 00023000 08:01 409831     /usr/lib/jvm/java-8-oracle/jre/lib/i386/libjava.so
b6669000-b6670000 r-xp 00000000 08:01 1309645    /lib/i386-linux-gnu/librt-2.23.so
b6670000-b6671000 r--p 00006000 08:01 1309645    /lib/i386-linux-gnu/librt-2.23.so
b6671000-b6672000 rw-p 00007000 08:01 1309645    /lib/i386-linux-gnu/librt-2.23.so
b6672000-b6675000 ---p 00000000 00:00 0 
b6675000-b66c3000 rw-p 00000000 00:00 0 
b66c3000-b6716000 r-xp 00000000 08:01 1309563    /lib/i386-linux-gnu/libm-2.23.so
b6716000-b6717000 r--p 00052000 08:01 1309563    /lib/i386-linux-gnu/libm-2.23.so
b6717000-b6718000 rw-p 00053000 08:01 1309563    /lib/i386-linux-gnu/libm-2.23.so
b6718000-b709b000 r-xp 00000000 08:01 409837     /usr/lib/jvm/java-8-oracle/jre/lib/i386/server/libjvm.so
b709b000-b7108000 rw-p 00983000 08:01 409837     /usr/lib/jvm/java-8-oracle/jre/lib/i386/server/libjvm.so
b7108000-b7531000 rw-p 00000000 00:00 0 
b7531000-b76e0000 r-xp 00000000 08:01 1309493    /lib/i386-linux-gnu/libc-2.23.so
b76e0000-b76e1000 ---p 001af000 08:01 1309493    /lib/i386-linux-gnu/libc-2.23.so
b76e1000-b76e3000 r--p 001af000 08:01 1309493    /lib/i386-linux-gnu/libc-2.23.so
b76e3000-b76e4000 rw-p 001b1000 08:01 1309493    /lib/i386-linux-gnu/libc-2.23.so
b76e4000-b76e7000 rw-p 00000000 00:00 0 
b76e7000-b76ea000 r-xp 00000000 08:01 1309517    /lib/i386-linux-gnu/libdl-2.23.so
b76ea000-b76eb000 r--p 00002000 08:01 1309517    /lib/i386-linux-gnu/libdl-2.23.so
b76eb000-b76ec000 rw-p 00003000 08:01 1309517    /lib/i386-linux-gnu/libdl-2.23.so
b76ec000-b7700000 r-xp 00000000 08:01 276698     /usr/lib/jvm/java-8-oracle/lib/i386/jli/libjli.so
b7700000-b7701000 rw-p 00014000 08:01 276698     /usr/lib/jvm/java-8-oracle/lib/i386/jli/libjli.so
b7701000-b771a000 r-xp 00000000 08:01 1309637    /lib/i386-linux-gnu/libpthread-2.23.so
b771a000-b771b000 r--p 00018000 08:01 1309637    /lib/i386-linux-gnu/libpthread-2.23.so
b771b000-b771c000 rw-p 00019000 08:01 1309637    /lib/i386-linux-gnu/libpthread-2.23.so
b771c000-b771e000 rw-p 00000000 00:00 0 
b771e000-b7726000 r-xp 00000000 08:01 1309586    /lib/i386-linux-gnu/libnss_compat-2.23.so
b7726000-b7727000 r--p 00007000 08:01 1309586    /lib/i386-linux-gnu/libnss_compat-2.23.so
b7727000-b7728000 rw-p 00008000 08:01 1309586    /lib/i386-linux-gnu/libnss_compat-2.23.so
b7728000-b7729000 rw-p 00000000 00:00 0 
b7729000-b772a000 r--p 00000000 00:00 0 
b772a000-b7735000 r-xp 00000000 08:01 409854     /usr/lib/jvm/java-8-oracle/jre/lib/i386/libverify.so
b7735000-b7736000 rw-p 0000b000 08:01 409854     /usr/lib/jvm/java-8-oracle/jre/lib/i386/libverify.so
b7736000-b7738000 rw-p 00000000 00:00 0 
b7738000-b773a000 r--p 00000000 00:00 0          [vvar]
b773a000-b773b000 r-xp 00000000 00:00 0          [vdso]
b773b000-b775d000 r-xp 00000000 08:01 1309465    /lib/i386-linux-gnu/ld-2.23.so
b775d000-b775e000 rw-p 00000000 00:00 0 
b775e000-b775f000 r--p 00022000 08:01 1309465    /lib/i386-linux-gnu/ld-2.23.so
b775f000-b7760000 rw-p 00023000 08:01 1309465    /lib/i386-linux-gnu/ld-2.23.so
bf8ed000-bf8ee000 rwxp 00000000 00:00 0 
bf920000-bf941000 rw-p 00000000 00:00 0          [stack]

VM Arguments:
jvm_args: -Djava.library.path=/home/nicolas/Documentos/tesis/JSCIP/JScipOpt/lib -Dfile.encoding=UTF-8 
java_command: Main.Main
java_class_path (initial): /home/nicolas/Documentos/tesis/repo_git/tesis/bin:/home/nicolas/Documentos/tesis/jgrapht-0.9.2/lib/jgraph-5.13.0.0.jar:/home/nicolas/Documentos/tesis/jgrapht-0.9.2/lib/jgrapht-core-0.9.2.jar:/home/nicolas/Documentos/tesis/jgrapht-0.9.2/lib/jgrapht-ext-0.9.2.jar:/home/nicolas/Documentos/tesis/jgrapht-0.9.2/lib/jgraphx-2.0.0.1.jar:/home/nicolas/Documentos/tesis/jgrapht-0.9.2/lib/jgrapht-demo-0.9.2.jar:/home/nicolas/Documentos/tesis/jgrapht-0.9.2/lib/jgrapht-ext-0.9.2-uber.jar:/home/nicolas/Documentos/tesis/libs/jung/collections-generic-4.01.jar:/home/nicolas/Documentos/tesis/libs/jung/colt-1.2.0.jar:/home/nicolas/Documentos/tesis/libs/jung/concurrent-1.3.4.jar:/home/nicolas/Documentos/tesis/libs/jung/j3d-core-1.3.1.jar:/home/nicolas/Documentos/tesis/libs/jung/stax-api-1.0.1.jar:/home/nicolas/Documentos/tesis/libs/jung/vecmath-1.3.1.jar:/home/nicolas/Documentos/tesis/libs/jung/wstx-asl-3.2.6.jar:/home/nicolas/Documentos/tesis/libs/kxml2-2.3.0.jar:/home/nicolas/Documentos/tesis/libs/JMap/JMapViewer.jar:/home/nicolas/Documentos/tesis/JSCIP/JScipOpt/lib/scip.jar
Launcher Type: SUN_STANDARD

Environment Variables:
PATH=/usr/local/sbin:/usr/local/bin:/usr/sbin:/usr/bin:/sbin:/bin
USERNAME=root
LD_LIBRARY_PATH=/usr/lib/jvm/java-8-oracle/jre/lib/i386/server:/usr/lib/jvm/java-8-oracle/jre/lib/i386:/usr/lib/jvm/java-8-oracle/jre/../lib/i386:/usr/lib/jvm/java-8-oracle/jre/lib/i386/client:/usr/lib/jvm/java-8-oracle/jre/lib/i386:
SHELL=/bin/bash
DISPLAY=:0

Signal Handlers:
SIGSEGV: [libjvm.so+0x8d0a60], sa_mask[0]=11111111011111111101111111111110, sa_flags=SA_RESTART|SA_SIGINFO
SIGBUS: [libjvm.so+0x8d0a60], sa_mask[0]=11111111011111111101111111111110, sa_flags=SA_RESTART|SA_SIGINFO
SIGFPE: [libjvm.so+0x7503b0], sa_mask[0]=11111111011111111101111111111110, sa_flags=SA_RESTART|SA_SIGINFO
SIGPIPE: [libjvm.so+0x7503b0], sa_mask[0]=11111111011111111101111111111110, sa_flags=SA_RESTART|SA_SIGINFO
SIGXFSZ: [libjvm.so+0x7503b0], sa_mask[0]=11111111011111111101111111111110, sa_flags=SA_RESTART|SA_SIGINFO
SIGILL: [libjvm.so+0x7503b0], sa_mask[0]=11111111011111111101111111111110, sa_flags=SA_RESTART|SA_SIGINFO
SIGUSR1: SIG_DFL, sa_mask[0]=00000000000000000000000000000000, sa_flags=none
SIGUSR2: [libjvm.so+0x751a30], sa_mask[0]=00100000000000000000000000000000, sa_flags=SA_RESTART|SA_SIGINFO
SIGHUP: [libjvm.so+0x752ee0], sa_mask[0]=11111111011111111101111111111110, sa_flags=SA_RESTART|SA_SIGINFO
SIGINT: [libjvm.so+0x752ee0], sa_mask[0]=11111111011111111101111111111110, sa_flags=SA_RESTART|SA_SIGINFO
SIGTERM: [libjvm.so+0x752ee0], sa_mask[0]=11111111011111111101111111111110, sa_flags=SA_RESTART|SA_SIGINFO
SIGQUIT: [libjvm.so+0x752ee0], sa_mask[0]=11111111011111111101111111111110, sa_flags=SA_RESTART|SA_SIGINFO


---------------  S Y S T E M  ---------------

OS:DISTRIB_ID=Ubuntu
DISTRIB_RELEASE=16.04
DISTRIB_CODENAME=xenial
DISTRIB_DESCRIPTION="Ubuntu 16.04 LTS"

uname:Linux 4.4.0-59-generic #80-Ubuntu SMP Fri Jan 6 17:36:54 UTC 2017 i686
libc:glibc 2.23 NPTL 2.23 
rlimit: STACK 8192k, CORE 0k, NPROC 18552, NOFILE 65536, AS infinity
load average:2,24 2,03 1,43

/proc/meminfo:
MemTotal:        2410472 kB
MemFree:         1510524 kB
MemAvailable:    1538380 kB
Buffers:           26060 kB
Cached:           227664 kB
SwapCached:        19184 kB
Active:           569788 kB
Inactive:         273064 kB
Active(anon):     456952 kB
Inactive(anon):   134464 kB
Active(file):     112836 kB
Inactive(file):   138600 kB
Unevictable:          32 kB
Mlocked:              32 kB
HighTotal:       1536968 kB
HighFree:         952496 kB
LowTotal:         873504 kB
LowFree:          558028 kB
SwapTotal:       2096124 kB
SwapFree:        1690424 kB
Dirty:               248 kB
Writeback:             0 kB
AnonPages:        582104 kB
Mapped:           107776 kB
Shmem:              2288 kB
Slab:              27356 kB
SReclaimable:      12964 kB
SUnreclaim:        14392 kB
KernelStack:        3408 kB
PageTables:         8896 kB
NFS_Unstable:          0 kB
Bounce:                0 kB
WritebackTmp:          0 kB
CommitLimit:     3301360 kB
Committed_AS:    3425384 kB
VmallocTotal:     122880 kB
VmallocUsed:           0 kB
VmallocChunk:          0 kB
AnonHugePages:    315392 kB
CmaTotal:              0 kB
CmaFree:               0 kB
HugePages_Total:       0
HugePages_Free:        0
HugePages_Rsvd:        0
HugePages_Surp:        0
Hugepagesize:       2048 kB
DirectMap4k:       43000 kB
DirectMap2M:      870400 kB


CPU:total 2 (2 cores per cpu, 1 threads per core) family 6 model 42 stepping 7, cmov, cx8, fxsr, mmx, sse, sse2, sse3, ssse3, tsc

/proc/cpuinfo:
processor	: 0
vendor_id	: GenuineIntel
cpu family	: 6
model		: 42
model name	: Intel(R) Core(TM) i5-2467M CPU @ 1.60GHz
stepping	: 7
cpu MHz		: 1605.966
cache size	: 6144 KB
physical id	: 0
siblings	: 2
core id		: 0
cpu cores	: 2
apicid		: 0
initial apicid	: 0
fdiv_bug	: no
f00f_bug	: no
coma_bug	: no
fpu		: yes
fpu_exception	: yes
cpuid level	: 5
wp		: yes
flags		: fpu vme de pse tsc msr pae mce cx8 apic sep mtrr pge mca cmov pat pse36 clflush mmx fxsr sse sse2 ht nx rdtscp constant_tsc pni ssse3
bugs		:
bogomips	: 3211.93
clflush size	: 64
cache_alignment	: 64
address sizes	: 36 bits physical, 48 bits virtual
power management:

processor	: 1
vendor_id	: GenuineIntel
cpu family	: 6
model		: 42
model name	: Intel(R) Core(TM) i5-2467M CPU @ 1.60GHz
stepping	: 7
cpu MHz		: 1605.966
cache size	: 6144 KB
physical id	: 0
siblings	: 2
core id		: 1
cpu cores	: 2
apicid		: 1
initial apicid	: 1
fdiv_bug	: no
f00f_bug	: no
coma_bug	: no
fpu		: yes
fpu_exception	: yes
cpuid level	: 5
wp		: yes
flags		: fpu vme de pse tsc msr pae mce cx8 apic sep mtrr pge mca cmov pat pse36 clflush mmx fxsr sse sse2 ht nx rdtscp constant_tsc pni ssse3
bugs		:
bogomips	: 3211.93
clflush size	: 64
cache_alignment	: 64
address sizes	: 36 bits physical, 48 bits virtual
power management:



Memory: 4k page, physical 2410472k(1510524k free), swap 2096124k(1690424k free)

vm_info: Java HotSpot(TM) Server VM (25.91-b14) for linux-x86 JRE (1.8.0_91-b14), built on Apr  1 2016 01:01:13 by "java_re" with gcc 4.3.0 20080428 (Red Hat 4.3.0-8)

time: Thu Jan 12 22:50:21 2017
elapsed time: 16 seconds (0d 0h 0m 16s)

