#
# A fatal error has been detected by the Java Runtime Environment:
#
#  SIGSEGV (0xb) at pc=0x7ddb6829, pid=2688, tid=2129914688
#
# JRE version: Java(TM) SE Runtime Environment (8.0_91-b14) (build 1.8.0_91-b14)
# Java VM: Java HotSpot(TM) Server VM (25.91-b14 mixed mode linux-x86 )
# Problematic frame:
# C  [libscipopt.so+0x4c5829]  SCIPfreeProb+0x19
#
# Failed to write core dump. Core dumps have been disabled. To enable core dumping, try "ulimit -c unlimited" before starting Java again
#
# If you would like to submit a bug report, please visit:
#   http://bugreport.java.com/bugreport/crash.jsp
# The crash happened outside the Java Virtual Machine in native code.
# See problematic frame for where to report the bug.
#

---------------  T H R E A D  ---------------

Current thread (0x7f122800):  JavaThread "AWT-EventQueue-0" [_thread_in_native, id=2709, stack(0x7eeee000,0x7ef3f000)]

siginfo: si_signo: 11 (SIGSEGV), si_code: 1 (SEGV_MAPERR), si_addr: 0x00000398

Registers:
EAX=0x00000000, EBX=0x7e1e5000, ECX=0x7f122938, EDX=0x7f93d150
ESP=0x7ef3c7b4, EBP=0x7ef3c838, ESI=0x7e46d0e8, EDI=0x7f93d150
EIP=0x7ddb6829, EFLAGS=0x00010206, CR2=0x00000398

Top of Stack: (sp=0x7ef3c7b4)
0x7ef3c7b4:   7dfa1008 b7548c19 7e1e5000 7ef3c840
0x7ef3c7c4:   7ef3c840 7ef3c838 7dc70683 7f93d150
0x7ef3c7d4:   b76f9f10 7ddb6819 7e1e5000 7e46d0e8
0x7ef3c7e4:   7ef3c840 7ef3c838 7ddb6a5c 7f93d150
0x7ef3c7f4:   7dfb3e63 00000316 7ddb6a4c 7f239000
0x7ef3c804:   7e46d0e8 7f122800 7f2337eb 7ef3c840
0x7ef3c814:   7f239000 7e46d0e8 7f2337d9 7ef3c878
0x7ef3c824:   b76f9f10 7f93d150 00000001 7f239000 

Instructions: (pc=0x7ddb6829)
0x7ddb6809:   c4 10 eb 80 8d 76 00 55 57 56 53 e8 f7 e6 bf ff
0x7ddb6819:   81 c3 e7 e7 42 00 83 ec 28 8b 7c 24 3c 8b 47 04
0x7ddb6829:   8b a8 98 03 00 00 c7 80 98 03 00 00 00 00 00 00
0x7ddb6839:   57 e8 41 aa bb ff 83 c4 10 83 f8 01 0f 85 a5 00 

Register to memory mapping:

EAX=0x00000000 is an unknown value
EBX=0x7e1e5000: <offset 0x8f4000> in /home/nicolas/Documentos/tesis/JSCIP/JScipOpt/lib/../lib/libscipopt.so at 0x7d8f1000
ECX=0x7f122938 is an unknown value
EDX=0x7f93d150 is an unknown value
ESP=0x7ef3c7b4 is pointing into the stack for thread: 0x7f122800
EBP=0x7ef3c838 is pointing into the stack for thread: 0x7f122800
ESI={method} {0x7e46d0e8} 'freeSCIP' '(J)V' in 'jscip/SCIPJNIJNI'
EDI=0x7f93d150 is an unknown value


Stack: [0x7eeee000,0x7ef3f000],  sp=0x7ef3c7b4,  free space=313k
Native frames: (J=compiled Java code, j=interpreted, Vv=VM code, C=native code)
C  [libscipopt.so+0x4c5829]  SCIPfreeProb+0x19
C  [libjscip.so+0x4c46]  Java_jscip_SCIPJNIJNI_freeSCIP+0x39
j  jscip.SCIPJNIJNI.freeSCIP(J)V+0
j  jscip.SCIPJNI.freeSCIP(Ljscip/SWIGTYPE_p_SCIP;)V+4
j  jscip.Scip.free()V+25
j  Solver.SystemSolver.solve([Ljava/util/LinkedList;ILParsing/OsmParserAndCustomizer;ZI)V+586
j  Main.OSMtoGraph$1.actionPerformed(Ljava/awt/event/ActionEvent;)V+129
j  javax.swing.AbstractButton.fireActionPerformed(Ljava/awt/event/ActionEvent;)V+83
j  javax.swing.AbstractButton$Handler.actionPerformed(Ljava/awt/event/ActionEvent;)V+5
j  javax.swing.DefaultButtonModel.fireActionPerformed(Ljava/awt/event/ActionEvent;)V+34
j  javax.swing.DefaultButtonModel.setPressed(Z)V+117
j  javax.swing.plaf.basic.BasicButtonListener.mouseReleased(Ljava/awt/event/MouseEvent;)V+35
j  java.awt.Component.processMouseEvent(Ljava/awt/event/MouseEvent;)V+64
j  javax.swing.JComponent.processMouseEvent(Ljava/awt/event/MouseEvent;)V+23
j  java.awt.Component.processEvent(Ljava/awt/AWTEvent;)V+81
j  java.awt.Container.processEvent(Ljava/awt/AWTEvent;)V+18
j  java.awt.Component.dispatchEventImpl(Ljava/awt/AWTEvent;)V+589
j  java.awt.Container.dispatchEventImpl(Ljava/awt/AWTEvent;)V+42
j  java.awt.Component.dispatchEvent(Ljava/awt/AWTEvent;)V+2
j  java.awt.LightweightDispatcher.retargetMouseEvent(Ljava/awt/Component;ILjava/awt/event/MouseEvent;)V+327
j  java.awt.LightweightDispatcher.processMouseEvent(Ljava/awt/event/MouseEvent;)Z+155
j  java.awt.LightweightDispatcher.dispatchEvent(Ljava/awt/AWTEvent;)Z+50
j  java.awt.Container.dispatchEventImpl(Ljava/awt/AWTEvent;)V+12
j  java.awt.Window.dispatchEventImpl(Ljava/awt/AWTEvent;)V+19
j  java.awt.Component.dispatchEvent(Ljava/awt/AWTEvent;)V+2
j  java.awt.EventQueue.dispatchEventImpl(Ljava/awt/AWTEvent;Ljava/lang/Object;)V+41
j  java.awt.EventQueue.access$500(Ljava/awt/EventQueue;Ljava/awt/AWTEvent;Ljava/lang/Object;)V+3
j  java.awt.EventQueue$3.run()Ljava/lang/Void;+32
j  java.awt.EventQueue$3.run()Ljava/lang/Object;+1
v  ~StubRoutines::call_stub
V  [libjvm.so+0x4fddef]  JavaCalls::call_helper(JavaValue*, methodHandle*, JavaCallArguments*, Thread*)+0x101f
V  [libjvm.so+0x74e7f9]  os::os_exception_wrapper(void (*)(JavaValue*, methodHandle*, JavaCallArguments*, Thread*), JavaValue*, methodHandle*, JavaCallArguments*, Thread*)+0x19
V  [libjvm.so+0x4fc3bf]  JavaCalls::call(JavaValue*, methodHandle, JavaCallArguments*, Thread*)+0x2f
V  [libjvm.so+0x57f580]  JVM_DoPrivileged+0x2a0
C  [libjava.so+0x9f7a]  Java_java_security_AccessController_doPrivileged__Ljava_security_PrivilegedAction_2Ljava_security_AccessControlContext_2+0x3a
j  java.security.AccessController.doPrivileged(Ljava/security/PrivilegedAction;Ljava/security/AccessControlContext;)Ljava/lang/Object;+0
j  java.security.ProtectionDomain$JavaSecurityAccessImpl.doIntersectionPrivilege(Ljava/security/PrivilegedAction;Ljava/security/AccessControlContext;Ljava/security/AccessControlContext;)Ljava/lang/Object;+18
j  java.security.ProtectionDomain$JavaSecurityAccessImpl.doIntersectionPrivilege(Ljava/security/PrivilegedAction;Ljava/security/AccessControlContext;)Ljava/lang/Object;+6
j  java.awt.EventQueue$4.run()Ljava/lang/Void;+11
j  java.awt.EventQueue$4.run()Ljava/lang/Object;+1
v  ~StubRoutines::call_stub
V  [libjvm.so+0x4fddef]  JavaCalls::call_helper(JavaValue*, methodHandle*, JavaCallArguments*, Thread*)+0x101f
V  [libjvm.so+0x74e7f9]  os::os_exception_wrapper(void (*)(JavaValue*, methodHandle*, JavaCallArguments*, Thread*), JavaValue*, methodHandle*, JavaCallArguments*, Thread*)+0x19
V  [libjvm.so+0x4fc3bf]  JavaCalls::call(JavaValue*, methodHandle, JavaCallArguments*, Thread*)+0x2f
V  [libjvm.so+0x57f580]  JVM_DoPrivileged+0x2a0
C  [libjava.so+0x9f7a]  Java_java_security_AccessController_doPrivileged__Ljava_security_PrivilegedAction_2Ljava_security_AccessControlContext_2+0x3a
j  java.security.AccessController.doPrivileged(Ljava/security/PrivilegedAction;Ljava/security/AccessControlContext;)Ljava/lang/Object;+0
j  java.security.ProtectionDomain$JavaSecurityAccessImpl.doIntersectionPrivilege(Ljava/security/PrivilegedAction;Ljava/security/AccessControlContext;Ljava/security/AccessControlContext;)Ljava/lang/Object;+18
j  java.awt.EventQueue.dispatchEvent(Ljava/awt/AWTEvent;)V+73
j  java.awt.EventDispatchThread.pumpOneEventForFilters(I)V+245
j  java.awt.EventDispatchThread.pumpEventsForFilter(ILjava/awt/Conditional;Ljava/awt/EventFilter;)V+35
j  java.awt.EventDispatchThread.pumpEventsForHierarchy(ILjava/awt/Conditional;Ljava/awt/Component;)V+11
j  java.awt.EventDispatchThread.pumpEvents(ILjava/awt/Conditional;)V+4
j  java.awt.EventDispatchThread.pumpEvents(Ljava/awt/Conditional;)V+3
j  java.awt.EventDispatchThread.run()V+9
v  ~StubRoutines::call_stub
V  [libjvm.so+0x4fddef]  JavaCalls::call_helper(JavaValue*, methodHandle*, JavaCallArguments*, Thread*)+0x101f
V  [libjvm.so+0x74e7f9]  os::os_exception_wrapper(void (*)(JavaValue*, methodHandle*, JavaCallArguments*, Thread*), JavaValue*, methodHandle*, JavaCallArguments*, Thread*)+0x19
V  [libjvm.so+0x4fe1fc]  JavaCalls::call_virtual(JavaValue*, KlassHandle, Symbol*, Symbol*, JavaCallArguments*, Thread*)+0x25c
V  [libjvm.so+0x4fe63b]  JavaCalls::call_virtual(JavaValue*, Handle, KlassHandle, Symbol*, Symbol*, Thread*)+0x4b
V  [libjvm.so+0x591230]  thread_entry(JavaThread*, Thread*)+0x90
V  [libjvm.so+0x8839a9]  JavaThread::thread_main_inner()+0x109
V  [libjvm.so+0x883b2b]  JavaThread::run()+0x14b
V  [libjvm.so+0x755d19]  java_start(Thread*)+0x119
C  [libpthread.so.0+0x62b5]  start_thread+0xe5
C  [libc.so.6+0xe716e]  clone+0x6e

Java frames: (J=compiled Java code, j=interpreted, Vv=VM code)
j  jscip.SCIPJNIJNI.freeSCIP(J)V+0
j  jscip.SCIPJNI.freeSCIP(Ljscip/SWIGTYPE_p_SCIP;)V+4
j  jscip.Scip.free()V+25
j  Solver.SystemSolver.solve([Ljava/util/LinkedList;ILParsing/OsmParserAndCustomizer;ZI)V+586
j  Main.OSMtoGraph$1.actionPerformed(Ljava/awt/event/ActionEvent;)V+129
j  javax.swing.AbstractButton.fireActionPerformed(Ljava/awt/event/ActionEvent;)V+83
j  javax.swing.AbstractButton$Handler.actionPerformed(Ljava/awt/event/ActionEvent;)V+5
j  javax.swing.DefaultButtonModel.fireActionPerformed(Ljava/awt/event/ActionEvent;)V+34
j  javax.swing.DefaultButtonModel.setPressed(Z)V+117
j  javax.swing.plaf.basic.BasicButtonListener.mouseReleased(Ljava/awt/event/MouseEvent;)V+35
j  java.awt.Component.processMouseEvent(Ljava/awt/event/MouseEvent;)V+64
j  javax.swing.JComponent.processMouseEvent(Ljava/awt/event/MouseEvent;)V+23
j  java.awt.Component.processEvent(Ljava/awt/AWTEvent;)V+81
j  java.awt.Container.processEvent(Ljava/awt/AWTEvent;)V+18
j  java.awt.Component.dispatchEventImpl(Ljava/awt/AWTEvent;)V+589
j  java.awt.Container.dispatchEventImpl(Ljava/awt/AWTEvent;)V+42
j  java.awt.Component.dispatchEvent(Ljava/awt/AWTEvent;)V+2
j  java.awt.LightweightDispatcher.retargetMouseEvent(Ljava/awt/Component;ILjava/awt/event/MouseEvent;)V+327
j  java.awt.LightweightDispatcher.processMouseEvent(Ljava/awt/event/MouseEvent;)Z+155
j  java.awt.LightweightDispatcher.dispatchEvent(Ljava/awt/AWTEvent;)Z+50
j  java.awt.Container.dispatchEventImpl(Ljava/awt/AWTEvent;)V+12
j  java.awt.Window.dispatchEventImpl(Ljava/awt/AWTEvent;)V+19
j  java.awt.Component.dispatchEvent(Ljava/awt/AWTEvent;)V+2
j  java.awt.EventQueue.dispatchEventImpl(Ljava/awt/AWTEvent;Ljava/lang/Object;)V+41
j  java.awt.EventQueue.access$500(Ljava/awt/EventQueue;Ljava/awt/AWTEvent;Ljava/lang/Object;)V+3
j  java.awt.EventQueue$3.run()Ljava/lang/Void;+32
j  java.awt.EventQueue$3.run()Ljava/lang/Object;+1
v  ~StubRoutines::call_stub
j  java.security.AccessController.doPrivileged(Ljava/security/PrivilegedAction;Ljava/security/AccessControlContext;)Ljava/lang/Object;+0
j  java.security.ProtectionDomain$JavaSecurityAccessImpl.doIntersectionPrivilege(Ljava/security/PrivilegedAction;Ljava/security/AccessControlContext;Ljava/security/AccessControlContext;)Ljava/lang/Object;+18
j  java.security.ProtectionDomain$JavaSecurityAccessImpl.doIntersectionPrivilege(Ljava/security/PrivilegedAction;Ljava/security/AccessControlContext;)Ljava/lang/Object;+6
j  java.awt.EventQueue$4.run()Ljava/lang/Void;+11
j  java.awt.EventQueue$4.run()Ljava/lang/Object;+1
v  ~StubRoutines::call_stub
j  java.security.AccessController.doPrivileged(Ljava/security/PrivilegedAction;Ljava/security/AccessControlContext;)Ljava/lang/Object;+0
j  java.security.ProtectionDomain$JavaSecurityAccessImpl.doIntersectionPrivilege(Ljava/security/PrivilegedAction;Ljava/security/AccessControlContext;Ljava/security/AccessControlContext;)Ljava/lang/Object;+18
j  java.awt.EventQueue.dispatchEvent(Ljava/awt/AWTEvent;)V+73
j  java.awt.EventDispatchThread.pumpOneEventForFilters(I)V+245
j  java.awt.EventDispatchThread.pumpEventsForFilter(ILjava/awt/Conditional;Ljava/awt/EventFilter;)V+35
j  java.awt.EventDispatchThread.pumpEventsForHierarchy(ILjava/awt/Conditional;Ljava/awt/Component;)V+11
j  java.awt.EventDispatchThread.pumpEvents(ILjava/awt/Conditional;)V+4
j  java.awt.EventDispatchThread.pumpEvents(Ljava/awt/Conditional;)V+3
j  java.awt.EventDispatchThread.run()V+9
v  ~StubRoutines::call_stub

---------------  P R O C E S S  ---------------

Java Threads: ( => current thread )
  0x7f1a5800 JavaThread "TimerQueue" daemon [_thread_blocked, id=2718, stack(0x7e9bc000,0x7ea0d000)]
  0xb6507c00 JavaThread "DestroyJavaVM" [_thread_blocked, id=2694, stack(0xb661c000,0xb666d000)]
=>0x7f122800 JavaThread "AWT-EventQueue-0" [_thread_in_native, id=2709, stack(0x7eeee000,0x7ef3f000)]
  0x7f9f0400 JavaThread "AWT-Shutdown" [_thread_blocked, id=2708, stack(0x7f2c6000,0x7f317000)]
  0x7f9c4800 JavaThread "AWT-XAWT" daemon [_thread_in_native, id=2707, stack(0x7f517000,0x7f568000)]
  0x7f9ad000 JavaThread "Java2D Disposer" daemon [_thread_blocked, id=2706, stack(0x7f568000,0x7f5b9000)]
  0x80038c00 JavaThread "Service Thread" daemon [_thread_blocked, id=2704, stack(0x7fa88000,0x7fad9000)]
  0x80035c00 JavaThread "C1 CompilerThread1" daemon [_thread_blocked, id=2703, stack(0x7fad9000,0x7fb5a000)]
  0x80033c00 JavaThread "C2 CompilerThread0" daemon [_thread_blocked, id=2702, stack(0x7fb5a000,0x7fbdb000)]
  0x80032400 JavaThread "Signal Dispatcher" daemon [_thread_blocked, id=2701, stack(0x7fbdb000,0x7fc2c000)]
  0x80018000 JavaThread "Finalizer" daemon [_thread_blocked, id=2699, stack(0x7ff5e000,0x7ffaf000)]
  0x80015000 JavaThread "Reference Handler" daemon [_thread_blocked, id=2698, stack(0x7ffaf000,0x80000000)]

Other Threads:
  0x80010800 VMThread [stack: 0x8014d000,0x801ce000] [id=2697]
  0x8003a800 WatcherThread [stack: 0x7fa07000,0x7fa88000] [id=2705]

VM state:not at safepoint (normal execution)

VM Mutex/Monitor currently owned by a thread: None

Heap:
 PSYoungGen      total 198400K, used 189613K [0x9ab80000, 0xa7000000, 0xa7000000)
  eden space 196096K, 95% used [0x9ab80000,0xa62db420,0xa6b00000)
  from space 2304K, 80% used [0xa6dc0000,0xa6f90000,0xa7000000)
  to   space 2560K, 0% used [0xa6b00000,0xa6b00000,0xa6d80000)
 ParOldGen       total 26112K, used 6320K [0x82200000, 0x83b80000, 0x9ab80000)
  object space 26112K, 24% used [0x82200000,0x8282c270,0x83b80000)
 Metaspace       used 9745K, capacity 9952K, committed 10008K, reserved 10544K

Card table byte_map: [0x820d8000,0x82200000] byte_map_base: 0x81cc7000

Marking Bits: (ParMarkBitMap*) 0xb70c5bc0
 Begin Bits: [0x80a90000, 0x813c8000)
 End Bits:   [0x813c8000, 0x81d00000)

Polling page: 0xb76d3000

CodeCache: size=245760Kb used=5211Kb max_used=5223Kb free=240548Kb
 bounds [0xa747b000, 0xa799b000, 0xb647b000]
 total_blobs=1970 nmethods=1659 adapters=226
 compilation: enabled

Compilation events (10 events):
Event: 21,512 Thread 0x80033c00 1666       4       java.awt.geom.Rectangle2D$Double::setRect (23 bytes)
Event: 21,513 Thread 0x80035c00 1672       1       java.net.URLStreamHandler::getDefaultPort (2 bytes)
Event: 21,513 Thread 0x80035c00 nmethod 1672 0xa798a948 code [0xa798aa40, 0xa798aae0]
Event: 21,513 Thread 0x80033c00 nmethod 1666 0xa798ab48 code [0xa798ac40, 0xa798acb0]
Event: 21,513 Thread 0x80033c00 1656       4       java.lang.StringBuilder::toString (17 bytes)
Event: 21,514 Thread 0x80035c00 1673       3       java.util.BitSet::wordIndex (5 bytes)
Event: 21,515 Thread 0x80035c00 nmethod 1673 0xa798a708 code [0xa798a800, 0xa798a8c0]
Event: 21,518 Thread 0x80035c00 1674   !   3       java.lang.ClassLoader::findNative (86 bytes)
Event: 21,519 Thread 0x80035c00 nmethod 1674 0xa798cf48 code [0xa798d0e0, 0xa798d7f8]
Event: 21,522 Thread 0x80033c00 nmethod 1656 0xa798b408 code [0xa798b520, 0xa798b830]

GC Heap History (10 events):
Event: 17,914 GC heap before
{Heap before GC invocations=8 (full 0):
 PSYoungGen      total 41216K, used 39456K [0x9ab80000, 0x9fc80000, 0xa7000000)
  eden space 38912K, 100% used [0x9ab80000,0x9d180000,0x9d180000)
  from space 2304K, 23% used [0x9d180000,0x9d208000,0x9d3c0000)
  to   space 2560K, 0% used [0x9fa00000,0x9fa00000,0x9fc80000)
 ParOldGen       total 26112K, used 2448K [0x82200000, 0x83b80000, 0x9ab80000)
  object space 26112K, 9% used [0x82200000,0x82464260,0x83b80000)
 Metaspace       used 9680K, capacity 9888K, committed 10008K, reserved 10544K
Event: 17,917 GC heap after
Heap after GC invocations=8 (full 0):
 PSYoungGen      total 80384K, used 928K [0x9ab80000, 0x9fc80000, 0xa7000000)
  eden space 77824K, 0% used [0x9ab80000,0x9ab80000,0x9f780000)
  from space 2560K, 36% used [0x9fa00000,0x9fae8000,0x9fc80000)
  to   space 2560K, 0% used [0x9f780000,0x9f780000,0x9fa00000)
 ParOldGen       total 26112K, used 2532K [0x82200000, 0x83b80000, 0x9ab80000)
  object space 26112K, 9% used [0x82200000,0x82479260,0x83b80000)
 Metaspace       used 9680K, capacity 9888K, committed 10008K, reserved 10544K
}
Event: 18,368 GC heap before
{Heap before GC invocations=9 (full 0):
 PSYoungGen      total 80384K, used 78752K [0x9ab80000, 0x9fc80000, 0xa7000000)
  eden space 77824K, 100% used [0x9ab80000,0x9f780000,0x9f780000)
  from space 2560K, 36% used [0x9fa00000,0x9fae8000,0x9fc80000)
  to   space 2560K, 0% used [0x9f780000,0x9f780000,0x9fa00000)
 ParOldGen       total 26112K, used 2532K [0x82200000, 0x83b80000, 0x9ab80000)
  object space 26112K, 9% used [0x82200000,0x82479260,0x83b80000)
 Metaspace       used 9680K, capacity 9888K, committed 10008K, reserved 10544K
Event: 18,372 GC heap after
Heap after GC invocations=9 (full 0):
 PSYoungGen      total 80384K, used 1456K [0x9ab80000, 0xa29c0000, 0xa7000000)
  eden space 77824K, 0% used [0x9ab80000,0x9ab80000,0x9f780000)
  from space 2560K, 56% used [0x9f780000,0x9f8ec000,0x9fa00000)
  to   space 2304K, 0% used [0xa2780000,0xa2780000,0xa29c0000)
 ParOldGen       total 26112K, used 2624K [0x82200000, 0x83b80000, 0x9ab80000)
  object space 26112K, 10% used [0x82200000,0x82490260,0x83b80000)
 Metaspace       used 9680K, capacity 9888K, committed 10008K, reserved 10544K
}
Event: 18,863 GC heap before
{Heap before GC invocations=10 (full 0):
 PSYoungGen      total 80384K, used 79280K [0x9ab80000, 0xa29c0000, 0xa7000000)
  eden space 77824K, 100% used [0x9ab80000,0x9f780000,0x9f780000)
  from space 2560K, 56% used [0x9f780000,0x9f8ec000,0x9fa00000)
  to   space 2304K, 0% used [0xa2780000,0xa2780000,0xa29c0000)
 ParOldGen       total 26112K, used 2624K [0x82200000, 0x83b80000, 0x9ab80000)
  object space 26112K, 10% used [0x82200000,0x82490260,0x83b80000)
 Metaspace       used 9680K, capacity 9888K, committed 10008K, reserved 10544K
Event: 18,867 GC heap after
Heap after GC invocations=10 (full 0):
 PSYoungGen      total 126976K, used 1720K [0x9ab80000, 0xa29c0000, 0xa7000000)
  eden space 124672K, 0% used [0x9ab80000,0x9ab80000,0xa2540000)
  from space 2304K, 74% used [0xa2780000,0xa292e010,0xa29c0000)
  to   space 2304K, 0% used [0xa2540000,0xa2540000,0xa2780000)
 ParOldGen       total 26112K, used 3440K [0x82200000, 0x83b80000, 0x9ab80000)
  object space 26112K, 13% used [0x82200000,0x8255c260,0x83b80000)
 Metaspace       used 9680K, capacity 9888K, committed 10008K, reserved 10544K
}
Event: 19,693 GC heap before
{Heap before GC invocations=11 (full 0):
 PSYoungGen      total 126976K, used 126392K [0x9ab80000, 0xa29c0000, 0xa7000000)
  eden space 124672K, 100% used [0x9ab80000,0xa2540000,0xa2540000)
  from space 2304K, 74% used [0xa2780000,0xa292e010,0xa29c0000)
  to   space 2304K, 0% used [0xa2540000,0xa2540000,0xa2780000)
 ParOldGen       total 26112K, used 3440K [0x82200000, 0x83b80000, 0x9ab80000)
  object space 26112K, 13% used [0x82200000,0x8255c260,0x83b80000)
 Metaspace       used 9681K, capacity 9888K, committed 10008K, reserved 10544K
Event: 19,702 GC heap after
Heap after GC invocations=11 (full 0):
 PSYoungGen      total 126976K, used 1184K [0x9ab80000, 0xa7000000, 0xa7000000)
  eden space 124672K, 0% used [0x9ab80000,0x9ab80000,0xa2540000)
  from space 2304K, 51% used [0xa2540000,0xa2668010,0xa2780000)
  to   space 2304K, 0% used [0xa6dc0000,0xa6dc0000,0xa7000000)
 ParOldGen       total 26112K, used 5144K [0x82200000, 0x83b80000, 0x9ab80000)
  object space 26112K, 19% used [0x82200000,0x82706260,0x83b80000)
 Metaspace       used 9681K, capacity 9888K, committed 10008K, reserved 10544K
}
Event: 20,391 GC heap before
{Heap before GC invocations=12 (full 0):
 PSYoungGen      total 126976K, used 125856K [0x9ab80000, 0xa7000000, 0xa7000000)
  eden space 124672K, 100% used [0x9ab80000,0xa2540000,0xa2540000)
  from space 2304K, 51% used [0xa2540000,0xa2668010,0xa2780000)
  to   space 2304K, 0% used [0xa6dc0000,0xa6dc0000,0xa7000000)
 ParOldGen       total 26112K, used 5144K [0x82200000, 0x83b80000, 0x9ab80000)
  object space 26112K, 19% used [0x82200000,0x82706260,0x83b80000)
 Metaspace       used 9681K, capacity 9888K, committed 10008K, reserved 10544K
Event: 20,404 GC heap after
Heap after GC invocations=12 (full 0):
 PSYoungGen      total 198400K, used 1856K [0x9ab80000, 0xa7000000, 0xa7000000)
  eden space 196096K, 0% used [0x9ab80000,0x9ab80000,0xa6b00000)
  from space 2304K, 80% used [0xa6dc0000,0xa6f90000,0xa7000000)
  to   space 2560K, 0% used [0xa6b00000,0xa6b00000,0xa6d80000)
 ParOldGen       total 26112K, used 6320K [0x82200000, 0x83b80000, 0x9ab80000)
  object space 26112K, 24% used [0x82200000,0x8282c270,0x83b80000)
 Metaspace       used 9681K, capacity 9888K, committed 10008K, reserved 10544K
}

Deoptimization events (10 events):
Event: 20,199 Thread 0x7f122800 Uncommon trap: reason=array_check action=maybe_recompile pc=0xa792f420 method=java.util.TimSort.binarySort([Ljava/lang/Object;IIILjava/util/Comparator;)V @ 215
Event: 20,215 Thread 0x7f122800 Uncommon trap: reason=array_check action=maybe_recompile pc=0xa792f420 method=java.util.TimSort.binarySort([Ljava/lang/Object;IIILjava/util/Comparator;)V @ 215
Event: 20,243 Thread 0x7f122800 Uncommon trap: reason=array_check action=maybe_recompile pc=0xa794f5c0 method=java.util.TimSort.binarySort([Ljava/lang/Object;IIILjava/util/Comparator;)V @ 183
Event: 20,244 Thread 0x7f122800 Uncommon trap: reason=array_check action=maybe_recompile pc=0xa794f5c0 method=java.util.TimSort.binarySort([Ljava/lang/Object;IIILjava/util/Comparator;)V @ 183
Event: 20,257 Thread 0x7f122800 Uncommon trap: reason=array_check action=maybe_recompile pc=0xa792f420 method=java.util.TimSort.binarySort([Ljava/lang/Object;IIILjava/util/Comparator;)V @ 215
Event: 20,580 Thread 0x7f122800 Uncommon trap: reason=array_check action=maybe_recompile pc=0xa794e3d4 method=java.util.TimSort.binarySort([Ljava/lang/Object;IIILjava/util/Comparator;)V @ 193
Event: 20,581 Thread 0x7f122800 Uncommon trap: reason=array_check action=maybe_recompile pc=0xa794e3d4 method=java.util.TimSort.binarySort([Ljava/lang/Object;IIILjava/util/Comparator;)V @ 193
Event: 20,985 Thread 0x7f122800 Uncommon trap: reason=unstable_if action=reinterpret pc=0xa79659c0 method=sun.awt.geom.AreaOp.resolveLinks(Ljava/util/Vector;Ljava/util/Vector;Ljava/util/Vector;)V @ 241
Event: 21,358 Thread 0x7f122800 Uncommon trap: reason=unstable_if action=reinterpret pc=0xa7929190 method=Polygons.PolygonsGeneratorFromFilteredEntries.generatePolygons()V @ 408
Event: 21,505 Thread 0x7f122800 Uncommon trap: reason=unstable_if action=reinterpret pc=0xa7872a38 method=java.util.HashMap.clear()V @ 16

Internal exceptions (10 events):
Event: 0,476 Thread 0xb6507c00 Exception <a 'java/security/PrivilegedActionException'> (0x9ac54028) thrown at [/HUDSON/workspace/8-2-build-linux-i586/jdk8u91/6644/hotspot/src/share/vm/prims/jvm.cpp, line 1386]
Event: 0,476 Thread 0xb6507c00 Exception <a 'java/security/PrivilegedActionException'> (0x9ac54228) thrown at [/HUDSON/workspace/8-2-build-linux-i586/jdk8u91/6644/hotspot/src/share/vm/prims/jvm.cpp, line 1386]
Event: 0,607 Thread 0xb6507c00 Exception <a 'java/lang/NoSuchFieldError': method resolution failed> (0x9ad14a28) thrown at [/HUDSON/workspace/8-2-build-linux-i586/jdk8u91/6644/hotspot/src/share/vm/prims/methodHandles.cpp, line 1146]
Event: 0,610 Thread 0xb6507c00 Exception <a 'java/lang/NoSuchFieldError': method resolution failed> (0x9ad20fa8) thrown at [/HUDSON/workspace/8-2-build-linux-i586/jdk8u91/6644/hotspot/src/share/vm/prims/methodHandles.cpp, line 1146]
Event: 0,658 Thread 0xb6507c00 Exception <a 'java/io/FileNotFoundException'> (0x9ad937d8) thrown at [/HUDSON/workspace/8-2-build-linux-i586/jdk8u91/6644/hotspot/src/share/vm/prims/jni.cpp, line 709]
Event: 0,659 Thread 0xb6507c00 Exception <a 'java/io/FileNotFoundException'> (0x9ad941a0) thrown at [/HUDSON/workspace/8-2-build-linux-i586/jdk8u91/6644/hotspot/src/share/vm/prims/jni.cpp, line 709]
Event: 1,644 Thread 0x7f122800 Exception <a 'java/lang/UnsupportedOperationException': > (0x9af96be8) thrown at [/HUDSON/workspace/8-2-build-linux-i586/jdk8u91/6644/hotspot/src/share/vm/prims/jni.cpp, line 735]
Event: 3,723 Thread 0x7f122800 Exception <a 'java/lang/UnsupportedOperationException': > (0x9b1ff900) thrown at [/HUDSON/workspace/8-2-build-linux-i586/jdk8u91/6644/hotspot/src/share/vm/prims/jni.cpp, line 735]
Event: 21,358 Thread 0x7f122800 Implicit null exception at 0xa792779b to 0xa792917d
Event: 21,505 Thread 0x7f122800 Implicit null exception at 0xa787295f to 0xa7872a25

Events (10 events):
Event: 21,505 Thread 0x7f122800 DEOPT PACKING pc=0xa7872a38 sp=0x7ef3c8e0
Event: 21,505 Thread 0x7f122800 DEOPT UNPACKING pc=0xa74b5bd5 sp=0x7ef3c8b8 mode 2
Event: 21,511 loading class jscip/SWIGTYPE_p_p_SCIP_VAR
Event: 21,511 loading class jscip/SWIGTYPE_p_p_SCIP_VAR done
Event: 21,512 loading class jscip/SWIGTYPE_p_double
Event: 21,512 loading class jscip/SWIGTYPE_p_double done
Event: 21,514 loading class jscip/SWIGTYPE_p_SCIP_CONS
Event: 21,514 loading class jscip/SWIGTYPE_p_SCIP_CONS done
Event: 21,515 loading class jscip/Constraint
Event: 21,515 loading class jscip/Constraint done


Dynamic libraries:
08048000-08049000 r-xp 00000000 08:01 409698     /usr/lib/jvm/java-8-oracle/bin/java
08049000-0804a000 rw-p 00000000 08:01 409698     /usr/lib/jvm/java-8-oracle/bin/java
094ab000-09ab1000 rw-p 00000000 00:00 0          [heap]
7d465000-7d600000 rw-p 00000000 00:00 0 
7d600000-7d6f1000 rw-p 00000000 00:00 0 
7d6f1000-7d700000 ---p 00000000 00:00 0 
7d77a000-7d8e7000 r-xp 00000000 08:01 130889     /usr/lib/i386-linux-gnu/libstdc++.so.6.0.21
7d8e7000-7d8e8000 ---p 0016d000 08:01 130889     /usr/lib/i386-linux-gnu/libstdc++.so.6.0.21
7d8e8000-7d8ed000 r--p 0016d000 08:01 130889     /usr/lib/i386-linux-gnu/libstdc++.so.6.0.21
7d8ed000-7d8ee000 rw-p 00172000 08:01 130889     /usr/lib/i386-linux-gnu/libstdc++.so.6.0.21
7d8ee000-7d8f1000 rw-p 00000000 00:00 0 
7d8f1000-7e1e1000 r-xp 00000000 08:01 1338726    /home/nicolas/Documentos/tesis/JSCIP/scipoptsuite-3.2.1/lib/libscipopt-3.2.1.linux.x86.gnu.opt.so
7e1e1000-7e1e5000 r--p 008ef000 08:01 1338726    /home/nicolas/Documentos/tesis/JSCIP/scipoptsuite-3.2.1/lib/libscipopt-3.2.1.linux.x86.gnu.opt.so
7e1e5000-7e1ea000 rw-p 008f3000 08:01 1338726    /home/nicolas/Documentos/tesis/JSCIP/scipoptsuite-3.2.1/lib/libscipopt-3.2.1.linux.x86.gnu.opt.so
7e1ea000-7e200000 rw-p 00000000 00:00 0 
7e200000-7e28a000 rw-p 00000000 00:00 0 
7e28a000-7e300000 ---p 00000000 00:00 0 
7e400000-7e480000 rw-p 00000000 00:00 0 
7e480000-7e500000 ---p 00000000 00:00 0 
7e500000-7e6ff000 rw-p 00000000 00:00 0 
7e6ff000-7e700000 ---p 00000000 00:00 0 
7e700000-7e800000 rw-p 00000000 00:00 0 
7e805000-7e9bc000 rw-p 00000000 00:00 0 
7e9bc000-7e9bf000 ---p 00000000 00:00 0 
7e9bf000-7ea0d000 rw-p 00000000 00:00 0 
7ea0d000-7ea10000 ---p 00000000 00:00 0 
7ea10000-7eb5e000 rw-p 00000000 00:00 0 
7eb5e000-7eb61000 ---p 00000000 00:00 0 
7eb61000-7ebaf000 rw-p 00000000 00:00 0 
7ebaf000-7ebb2000 ---p 00000000 00:00 0 
7ebb2000-7ec00000 rw-p 00000000 00:00 0 
7ec00000-7ed00000 rw-p 00000000 00:00 0 
7ed4c000-7ed4f000 ---p 00000000 00:00 0 
7ed4f000-7ed9d000 rw-p 00000000 00:00 0 
7ed9d000-7eda0000 ---p 00000000 00:00 0 
7eda0000-7eeee000 rw-p 00000000 00:00 0 
7eeee000-7eef1000 ---p 00000000 00:00 0 
7eef1000-7f100000 rw-p 00000000 00:00 0 
7f100000-7f1ab000 rw-p 00000000 00:00 0 
7f1ab000-7f200000 ---p 00000000 00:00 0 
7f231000-7f238000 r-xp 00000000 08:01 1311568    /home/nicolas/Documentos/tesis/JSCIP/JScipOpt/lib/libjscip.so
7f238000-7f239000 r--p 00006000 08:01 1311568    /home/nicolas/Documentos/tesis/JSCIP/JScipOpt/lib/libjscip.so
7f239000-7f23a000 rw-p 00007000 08:01 1311568    /home/nicolas/Documentos/tesis/JSCIP/JScipOpt/lib/libjscip.so
7f23a000-7f24d000 r--s 00344000 08:01 410001     /usr/lib/jvm/java-8-oracle/jre/lib/resources.jar
7f24d000-7f2ae000 r-xp 00000000 08:01 409848     /usr/lib/jvm/java-8-oracle/jre/lib/i386/libt2k.so
7f2ae000-7f2b2000 rw-p 00060000 08:01 409848     /usr/lib/jvm/java-8-oracle/jre/lib/i386/libt2k.so
7f2b2000-7f2b6000 rw-p 00000000 00:00 0 
7f2b6000-7f2c5000 r-xp 00000000 08:01 409850     /usr/lib/jvm/java-8-oracle/jre/lib/i386/libnio.so
7f2c5000-7f2c6000 rw-p 0000e000 08:01 409850     /usr/lib/jvm/java-8-oracle/jre/lib/i386/libnio.so
7f2c6000-7f2c9000 ---p 00000000 00:00 0 
7f2c9000-7f417000 rw-p 00000000 00:00 0 
7f417000-7f517000 rw-p 00000000 00:00 0 
7f517000-7f51a000 ---p 00000000 00:00 0 
7f51a000-7f568000 rw-p 00000000 00:00 0 
7f568000-7f56b000 ---p 00000000 00:00 0 
7f56b000-7f5b9000 rw-p 00000000 00:00 0 
7f5b9000-7f5d5000 r-xp 00000000 08:01 1309531    /lib/i386-linux-gnu/libgcc_s.so.1
7f5d5000-7f5d6000 rw-p 0001b000 08:01 1309531    /lib/i386-linux-gnu/libgcc_s.so.1
7f5d8000-7f5ed000 r-xp 00000000 08:01 409815     /usr/lib/jvm/java-8-oracle/jre/lib/i386/libnet.so
7f5ed000-7f5ee000 rw-p 00015000 08:01 409815     /usr/lib/jvm/java-8-oracle/jre/lib/i386/libnet.so
7f5ee000-7f650000 r-xp 00000000 08:01 409838     /usr/lib/jvm/java-8-oracle/jre/lib/i386/libfontmanager.so
7f650000-7f653000 rw-p 00061000 08:01 409838     /usr/lib/jvm/java-8-oracle/jre/lib/i386/libfontmanager.so
7f653000-7f657000 rw-p 00000000 00:00 0 
7f657000-7f67c000 r--p 00000000 08:01 404765     /usr/share/locale-langpack/es/LC_MESSAGES/libc.mo
7f67c000-7f6a0000 r-xp 00000000 08:01 134577     /usr/lib/i386-linux-gnu/libxcb.so.1.1.0
7f6a0000-7f6a1000 r--p 00023000 08:01 134577     /usr/lib/i386-linux-gnu/libxcb.so.1.1.0
7f6a1000-7f6a2000 rw-p 00024000 08:01 134577     /usr/lib/i386-linux-gnu/libxcb.so.1.1.0
7f6a2000-7f6b3000 r-xp 00000000 08:01 133227     /usr/lib/i386-linux-gnu/libXi.so.6.1.0
7f6b3000-7f6b4000 r--p 00010000 08:01 133227     /usr/lib/i386-linux-gnu/libXi.so.6.1.0
7f6b4000-7f6b5000 rw-p 00011000 08:01 133227     /usr/lib/i386-linux-gnu/libXi.so.6.1.0
7f6b5000-7f7fb000 r-xp 00000000 08:01 133202     /usr/lib/i386-linux-gnu/libX11.so.6.3.0
7f7fb000-7f7fc000 ---p 00146000 08:01 133202     /usr/lib/i386-linux-gnu/libX11.so.6.3.0
7f7fc000-7f7fd000 r--p 00146000 08:01 133202     /usr/lib/i386-linux-gnu/libX11.so.6.3.0
7f7fd000-7f7ff000 rw-p 00147000 08:01 133202     /usr/lib/i386-linux-gnu/libX11.so.6.3.0
7f7ff000-7f800000 rw-p 00000000 00:00 0 
7f800000-7f84c000 r-xp 00000000 08:01 409823     /usr/lib/jvm/java-8-oracle/jre/lib/i386/libawt_xawt.so
7f84c000-7f84e000 rw-p 0004c000 08:01 409823     /usr/lib/jvm/java-8-oracle/jre/lib/i386/libawt_xawt.so
7f84e000-7f84f000 rw-p 00000000 00:00 0 
7f84f000-7f8d5000 r-xp 00000000 08:01 409862     /usr/lib/jvm/java-8-oracle/jre/lib/i386/libawt.so
7f8d5000-7f8dc000 rw-p 00086000 08:01 409862     /usr/lib/jvm/java-8-oracle/jre/lib/i386/libawt.so
7f8dc000-7f900000 rw-p 00000000 00:00 0 
7f900000-7fa00000 rw-p 00000000 00:00 0 
7fa00000-7fa05000 r-xp 00000000 08:01 133221     /usr/lib/i386-linux-gnu/libXfixes.so.3.1.0
7fa05000-7fa06000 r--p 00004000 08:01 133221     /usr/lib/i386-linux-gnu/libXfixes.so.3.1.0
7fa06000-7fa07000 rw-p 00005000 08:01 133221     /usr/lib/i386-linux-gnu/libXfixes.so.3.1.0
7fa07000-7fa08000 ---p 00000000 00:00 0 
7fa08000-7fa88000 rw-p 00000000 00:00 0 
7fa88000-7fa8b000 ---p 00000000 00:00 0 
7fa8b000-7fad9000 rw-p 00000000 00:00 0 
7fad9000-7fadc000 ---p 00000000 00:00 0 
7fadc000-7fb5a000 rw-p 00000000 00:00 0 
7fb5a000-7fb5d000 ---p 00000000 00:00 0 
7fb5d000-7fbdb000 rw-p 00000000 00:00 0 
7fbdb000-7fbde000 ---p 00000000 00:00 0 
7fbde000-7fc2c000 rw-p 00000000 00:00 0 
7fc2c000-7fd5e000 r--p 00744000 08:01 138298     /usr/lib/locale/locale-archive
7fd5e000-7ff5e000 r--p 00000000 08:01 138298     /usr/lib/locale/locale-archive
7ff5e000-7ff61000 ---p 00000000 00:00 0 
7ff61000-7ffaf000 rw-p 00000000 00:00 0 
7ffaf000-7ffb2000 ---p 00000000 00:00 0 
7ffb2000-80000000 rw-p 00000000 00:00 0 
80000000-80100000 rw-p 00000000 00:00 0 
80102000-80107000 r-xp 00000000 08:01 133217     /usr/lib/i386-linux-gnu/libXdmcp.so.6.0.0
80107000-80108000 r--p 00004000 08:01 133217     /usr/lib/i386-linux-gnu/libXdmcp.so.6.0.0
80108000-80109000 rw-p 00005000 08:01 133217     /usr/lib/i386-linux-gnu/libXdmcp.so.6.0.0
80109000-8010b000 r-xp 00000000 08:01 133206     /usr/lib/i386-linux-gnu/libXau.so.6.0.0
8010b000-8010c000 r--p 00001000 08:01 133206     /usr/lib/i386-linux-gnu/libXau.so.6.0.0
8010c000-8010d000 rw-p 00002000 08:01 133206     /usr/lib/i386-linux-gnu/libXau.so.6.0.0
8010d000-80112000 r-xp 00000000 08:01 133245     /usr/lib/i386-linux-gnu/libXtst.so.6.1.0
80112000-80113000 r--p 00004000 08:01 133245     /usr/lib/i386-linux-gnu/libXtst.so.6.1.0
80113000-80114000 rw-p 00005000 08:01 133245     /usr/lib/i386-linux-gnu/libXtst.so.6.1.0
80114000-8011e000 r-xp 00000000 08:01 133239     /usr/lib/i386-linux-gnu/libXrender.so.1.3.0
8011e000-8011f000 r--p 00009000 08:01 133239     /usr/lib/i386-linux-gnu/libXrender.so.1.3.0
8011f000-80120000 rw-p 0000a000 08:01 133239     /usr/lib/i386-linux-gnu/libXrender.so.1.3.0
80120000-80133000 r-xp 00000000 08:01 133219     /usr/lib/i386-linux-gnu/libXext.so.6.4.0
80133000-80134000 r--p 00012000 08:01 133219     /usr/lib/i386-linux-gnu/libXext.so.6.4.0
80134000-80135000 rw-p 00013000 08:01 133219     /usr/lib/i386-linux-gnu/libXext.so.6.4.0
8013b000-80144000 r-xp 00000000 08:01 133213     /usr/lib/i386-linux-gnu/libXcursor.so.1.0.2
80144000-80145000 r--p 00008000 08:01 133213     /usr/lib/i386-linux-gnu/libXcursor.so.1.0.2
80145000-80146000 rw-p 00009000 08:01 133213     /usr/lib/i386-linux-gnu/libXcursor.so.1.0.2
80146000-8014d000 r--s 00000000 08:01 135705     /usr/lib/i386-linux-gnu/gconv/gconv-modules.cache
8014d000-8014e000 ---p 00000000 00:00 0 
8014e000-8021d000 rw-p 00000000 00:00 0 
8021d000-803f6000 r--s 03d1f000 08:01 409786     /usr/lib/jvm/java-8-oracle/jre/lib/rt.jar
803f6000-8083c000 rw-p 00000000 00:00 0 
8083c000-80842000 ---p 00000000 00:00 0 
80842000-81d00000 rw-p 00000000 00:00 0 
81d00000-81dff000 rw-p 00000000 00:00 0 
81dff000-81e00000 ---p 00000000 00:00 0 
81e01000-81e03000 r--s 00003000 08:01 1311670    /home/nicolas/Documentos/tesis/JSCIP/JScipOpt/lib/scip.jar
81e03000-81e07000 r--s 00022000 08:01 1192981    /home/nicolas/Documentos/tesis/libs/JMap/JMapViewer.jar
81e07000-81e0d000 r--s 002f8000 08:01 409872     /usr/lib/jvm/java-8-oracle/jre/lib/charsets.jar
81e0d000-81e14000 r--s 00079000 08:01 1189851    /home/nicolas/Documentos/tesis/libs/jung/wstx-asl-3.2.6.jar
81e14000-81e1d000 r--s 0025d000 08:01 1189838    /home/nicolas/Documentos/tesis/libs/jung/j3d-core-1.3.1.jar
81e1d000-81e24000 r--s 00028000 08:01 1189837    /home/nicolas/Documentos/tesis/libs/jung/concurrent-1.3.4.jar
81e24000-81e7f000 rw-p 00000000 00:00 0 
81e7f000-81e80000 ---p 00000000 00:00 0 
81e80000-81f00000 rw-p 00000000 00:00 0 
81f00000-81f21000 rw-p 00000000 00:00 0 
81f21000-82000000 ---p 00000000 00:00 0 
82000000-82001000 r--s 0000a000 08:01 1190117    /home/nicolas/Documentos/tesis/libs/kxml2-2.3.0.jar
82001000-82003000 r--s 00045000 08:01 1189850    /home/nicolas/Documentos/tesis/libs/jung/vecmath-1.3.1.jar
82003000-82005000 r--s 00005000 08:01 1189849    /home/nicolas/Documentos/tesis/libs/jung/stax-api-1.0.1.jar
82005000-82013000 r--s 00081000 08:01 1189836    /home/nicolas/Documentos/tesis/libs/jung/colt-1.2.0.jar
82013000-82020000 rw-p 00000000 00:00 0 
82020000-820d8000 ---p 00000000 00:00 0 
820d8000-820e5000 rw-p 00000000 00:00 0 
820e5000-8219c000 ---p 00000000 00:00 0 
8219c000-821ff000 rw-p 00000000 00:00 0 
821ff000-83b80000 rw-p 00000000 00:00 0 
83b80000-9ab80000 ---p 00000000 00:00 0 
9ab80000-a7000000 rw-p 00000000 00:00 0 
a7000000-a700c000 r--s 00076000 08:01 1189828    /home/nicolas/Documentos/tesis/libs/jung/collections-generic-4.01.jar
a700c000-a7025000 r--s 00167000 08:01 1184861    /home/nicolas/Documentos/tesis/jgrapht-0.9.2/lib/jgrapht-ext-0.9.2-uber.jar
a7025000-a7026000 r--s 00002000 08:01 1184862    /home/nicolas/Documentos/tesis/jgrapht-0.9.2/lib/jgrapht-demo-0.9.2.jar
a7026000-a7032000 r--s 000bd000 08:01 1184857    /home/nicolas/Documentos/tesis/jgrapht-0.9.2/lib/jgraphx-2.0.0.1.jar
a7032000-a703a000 r--s 00059000 08:01 1184808    /home/nicolas/Documentos/tesis/jgrapht-0.9.2/lib/jgrapht-core-0.9.2.jar
a703a000-a703b000 ---p 00000000 00:00 0 
a703b000-a70d0000 rw-p 00000000 00:00 0 
a70d0000-a747b000 ---p 00000000 00:00 0 
a747b000-a799b000 rwxp 00000000 00:00 0 
a799b000-b647b000 ---p 00000000 00:00 0 
b647b000-b6494000 r-xp 00000000 08:01 409816     /usr/lib/jvm/java-8-oracle/jre/lib/i386/libzip.so
b6494000-b6495000 rw-p 00019000 08:01 409816     /usr/lib/jvm/java-8-oracle/jre/lib/i386/libzip.so
b6495000-b64a0000 r-xp 00000000 08:01 1309590    /lib/i386-linux-gnu/libnss_files-2.23.so
b64a0000-b64a1000 r--p 0000a000 08:01 1309590    /lib/i386-linux-gnu/libnss_files-2.23.so
b64a1000-b64a2000 rw-p 0000b000 08:01 1309590    /lib/i386-linux-gnu/libnss_files-2.23.so
b64a2000-b64a8000 rw-p 00000000 00:00 0 
b64a8000-b64bf000 r-xp 00000000 08:01 1309584    /lib/i386-linux-gnu/libnsl-2.23.so
b64bf000-b64c0000 r--p 00016000 08:01 1309584    /lib/i386-linux-gnu/libnsl-2.23.so
b64c0000-b64c1000 rw-p 00017000 08:01 1309584    /lib/i386-linux-gnu/libnsl-2.23.so
b64c1000-b64c3000 rw-p 00000000 00:00 0 
b64c3000-b64c5000 r--s 00009000 08:01 1184855    /home/nicolas/Documentos/tesis/jgrapht-0.9.2/lib/jgrapht-ext-0.9.2.jar
b64c5000-b64d3000 rw-p 00000000 00:00 0 
b64d3000-b64db000 rw-s 00000000 08:01 1308489    /tmp/hsperfdata_root/2688
b64db000-b64ff000 r-xp 00000000 08:01 409831     /usr/lib/jvm/java-8-oracle/jre/lib/i386/libjava.so
b64ff000-b6500000 rw-p 00023000 08:01 409831     /usr/lib/jvm/java-8-oracle/jre/lib/i386/libjava.so
b6500000-b65f9000 rw-p 00000000 00:00 0 
b65f9000-b6600000 ---p 00000000 00:00 0 
b6600000-b6606000 r--s 00043000 08:01 1184860    /home/nicolas/Documentos/tesis/jgrapht-0.9.2/lib/jgraph-5.13.0.0.jar
b6606000-b6611000 r-xp 00000000 08:01 1309600    /lib/i386-linux-gnu/libnss_nis-2.23.so
b6611000-b6612000 r--p 0000a000 08:01 1309600    /lib/i386-linux-gnu/libnss_nis-2.23.so
b6612000-b6613000 rw-p 0000b000 08:01 1309600    /lib/i386-linux-gnu/libnss_nis-2.23.so
b6613000-b661a000 r-xp 00000000 08:01 1309645    /lib/i386-linux-gnu/librt-2.23.so
b661a000-b661b000 r--p 00006000 08:01 1309645    /lib/i386-linux-gnu/librt-2.23.so
b661b000-b661c000 rw-p 00007000 08:01 1309645    /lib/i386-linux-gnu/librt-2.23.so
b661c000-b661f000 ---p 00000000 00:00 0 
b661f000-b666d000 rw-p 00000000 00:00 0 
b666d000-b66c0000 r-xp 00000000 08:01 1309563    /lib/i386-linux-gnu/libm-2.23.so
b66c0000-b66c1000 r--p 00052000 08:01 1309563    /lib/i386-linux-gnu/libm-2.23.so
b66c1000-b66c2000 rw-p 00053000 08:01 1309563    /lib/i386-linux-gnu/libm-2.23.so
b66c2000-b7045000 r-xp 00000000 08:01 409837     /usr/lib/jvm/java-8-oracle/jre/lib/i386/server/libjvm.so
b7045000-b70b2000 rw-p 00983000 08:01 409837     /usr/lib/jvm/java-8-oracle/jre/lib/i386/server/libjvm.so
b70b2000-b74db000 rw-p 00000000 00:00 0 
b74db000-b768a000 r-xp 00000000 08:01 1309493    /lib/i386-linux-gnu/libc-2.23.so
b768a000-b768b000 ---p 001af000 08:01 1309493    /lib/i386-linux-gnu/libc-2.23.so
b768b000-b768d000 r--p 001af000 08:01 1309493    /lib/i386-linux-gnu/libc-2.23.so
b768d000-b768e000 rw-p 001b1000 08:01 1309493    /lib/i386-linux-gnu/libc-2.23.so
b768e000-b7691000 rw-p 00000000 00:00 0 
b7691000-b7694000 r-xp 00000000 08:01 1309517    /lib/i386-linux-gnu/libdl-2.23.so
b7694000-b7695000 r--p 00002000 08:01 1309517    /lib/i386-linux-gnu/libdl-2.23.so
b7695000-b7696000 rw-p 00003000 08:01 1309517    /lib/i386-linux-gnu/libdl-2.23.so
b7696000-b76aa000 r-xp 00000000 08:01 276698     /usr/lib/jvm/java-8-oracle/lib/i386/jli/libjli.so
b76aa000-b76ab000 rw-p 00014000 08:01 276698     /usr/lib/jvm/java-8-oracle/lib/i386/jli/libjli.so
b76ab000-b76c4000 r-xp 00000000 08:01 1309637    /lib/i386-linux-gnu/libpthread-2.23.so
b76c4000-b76c5000 r--p 00018000 08:01 1309637    /lib/i386-linux-gnu/libpthread-2.23.so
b76c5000-b76c6000 rw-p 00019000 08:01 1309637    /lib/i386-linux-gnu/libpthread-2.23.so
b76c6000-b76c8000 rw-p 00000000 00:00 0 
b76c8000-b76d0000 r-xp 00000000 08:01 1309586    /lib/i386-linux-gnu/libnss_compat-2.23.so
b76d0000-b76d1000 r--p 00007000 08:01 1309586    /lib/i386-linux-gnu/libnss_compat-2.23.so
b76d1000-b76d2000 rw-p 00008000 08:01 1309586    /lib/i386-linux-gnu/libnss_compat-2.23.so
b76d2000-b76d3000 rw-p 00000000 00:00 0 
b76d3000-b76d4000 r--p 00000000 00:00 0 
b76d4000-b76df000 r-xp 00000000 08:01 409854     /usr/lib/jvm/java-8-oracle/jre/lib/i386/libverify.so
b76df000-b76e0000 rw-p 0000b000 08:01 409854     /usr/lib/jvm/java-8-oracle/jre/lib/i386/libverify.so
b76e0000-b76e2000 rw-p 00000000 00:00 0 
b76e2000-b76e4000 r--p 00000000 00:00 0          [vvar]
b76e4000-b76e5000 r-xp 00000000 00:00 0          [vdso]
b76e5000-b7707000 r-xp 00000000 08:01 1309465    /lib/i386-linux-gnu/ld-2.23.so
b7707000-b7708000 rw-p 00000000 00:00 0 
b7708000-b7709000 r--p 00022000 08:01 1309465    /lib/i386-linux-gnu/ld-2.23.so
b7709000-b770a000 rw-p 00023000 08:01 1309465    /lib/i386-linux-gnu/ld-2.23.so
bfe0c000-bfe0d000 rwxp 00000000 00:00 0 
bfe3f000-bfe60000 rw-p 00000000 00:00 0          [stack]

VM Arguments:
jvm_args: -Djava.library.path=/home/nicolas/Documentos/tesis/JSCIP/JScipOpt/lib -Dfile.encoding=UTF-8 
java_command: Main.Main
java_class_path (initial): /home/nicolas/Documentos/tesis/repo_git/tesis/bin:/home/nicolas/Documentos/tesis/jgrapht-0.9.2/lib/jgraph-5.13.0.0.jar:/home/nicolas/Documentos/tesis/jgrapht-0.9.2/lib/jgrapht-core-0.9.2.jar:/home/nicolas/Documentos/tesis/jgrapht-0.9.2/lib/jgrapht-ext-0.9.2.jar:/home/nicolas/Documentos/tesis/jgrapht-0.9.2/lib/jgraphx-2.0.0.1.jar:/home/nicolas/Documentos/tesis/jgrapht-0.9.2/lib/jgrapht-demo-0.9.2.jar:/home/nicolas/Documentos/tesis/jgrapht-0.9.2/lib/jgrapht-ext-0.9.2-uber.jar:/home/nicolas/Documentos/tesis/libs/jung/collections-generic-4.01.jar:/home/nicolas/Documentos/tesis/libs/jung/colt-1.2.0.jar:/home/nicolas/Documentos/tesis/libs/jung/concurrent-1.3.4.jar:/home/nicolas/Documentos/tesis/libs/jung/j3d-core-1.3.1.jar:/home/nicolas/Documentos/tesis/libs/jung/stax-api-1.0.1.jar:/home/nicolas/Documentos/tesis/libs/jung/vecmath-1.3.1.jar:/home/nicolas/Documentos/tesis/libs/jung/wstx-asl-3.2.6.jar:/home/nicolas/Documentos/tesis/libs/kxml2-2.3.0.jar:/home/nicolas/Documentos/tesis/libs/JMap/JMapViewer.jar:/home/nicolas/Documentos/tesis/JSCIP/JScipOpt/lib/scip.jar
Launcher Type: SUN_STANDARD

Environment Variables:
PATH=/usr/local/sbin:/usr/local/bin:/usr/sbin:/usr/bin:/sbin:/bin
USERNAME=root
LD_LIBRARY_PATH=/usr/lib/jvm/java-8-oracle/jre/lib/i386/server:/usr/lib/jvm/java-8-oracle/jre/lib/i386:/usr/lib/jvm/java-8-oracle/jre/../lib/i386:/usr/lib/jvm/java-8-oracle/jre/lib/i386/client:/usr/lib/jvm/java-8-oracle/jre/lib/i386:
SHELL=/bin/bash
DISPLAY=:0

Signal Handlers:
SIGSEGV: [libjvm.so+0x8d0a60], sa_mask[0]=11111111011111111101111111111110, sa_flags=SA_RESTART|SA_SIGINFO
SIGBUS: [libjvm.so+0x8d0a60], sa_mask[0]=11111111011111111101111111111110, sa_flags=SA_RESTART|SA_SIGINFO
SIGFPE: [libjvm.so+0x7503b0], sa_mask[0]=11111111011111111101111111111110, sa_flags=SA_RESTART|SA_SIGINFO
SIGPIPE: [libjvm.so+0x7503b0], sa_mask[0]=11111111011111111101111111111110, sa_flags=SA_RESTART|SA_SIGINFO
SIGXFSZ: [libjvm.so+0x7503b0], sa_mask[0]=11111111011111111101111111111110, sa_flags=SA_RESTART|SA_SIGINFO
SIGILL: [libjvm.so+0x7503b0], sa_mask[0]=11111111011111111101111111111110, sa_flags=SA_RESTART|SA_SIGINFO
SIGUSR1: SIG_DFL, sa_mask[0]=00000000000000000000000000000000, sa_flags=none
SIGUSR2: [libjvm.so+0x751a30], sa_mask[0]=00100000000000000000000000000000, sa_flags=SA_RESTART|SA_SIGINFO
SIGHUP: [libjvm.so+0x752ee0], sa_mask[0]=11111111011111111101111111111110, sa_flags=SA_RESTART|SA_SIGINFO
SIGINT: [libjvm.so+0x752ee0], sa_mask[0]=11111111011111111101111111111110, sa_flags=SA_RESTART|SA_SIGINFO
SIGTERM: [libjvm.so+0x752ee0], sa_mask[0]=11111111011111111101111111111110, sa_flags=SA_RESTART|SA_SIGINFO
SIGQUIT: [libjvm.so+0x752ee0], sa_mask[0]=11111111011111111101111111111110, sa_flags=SA_RESTART|SA_SIGINFO


---------------  S Y S T E M  ---------------

OS:DISTRIB_ID=Ubuntu
DISTRIB_RELEASE=16.04
DISTRIB_CODENAME=xenial
DISTRIB_DESCRIPTION="Ubuntu 16.04 LTS"

uname:Linux 4.4.0-59-generic #80-Ubuntu SMP Fri Jan 6 17:36:54 UTC 2017 i686
libc:glibc 2.23 NPTL 2.23 
rlimit: STACK 8192k, CORE 0k, NPROC 18552, NOFILE 65536, AS infinity
load average:0,57 0,77 0,93

/proc/meminfo:
MemTotal:        2410472 kB
MemFree:         1574304 kB
MemAvailable:    1551204 kB
Buffers:           22932 kB
Cached:           180312 kB
SwapCached:        18780 kB
Active:           526660 kB
Inactive:         249752 kB
Active(anon):     442164 kB
Inactive(anon):   133524 kB
Active(file):      84496 kB
Inactive(file):   116228 kB
Unevictable:          32 kB
Mlocked:              32 kB
HighTotal:       1536968 kB
HighFree:         994724 kB
LowTotal:         873504 kB
LowFree:          579580 kB
SwapTotal:       2096124 kB
SwapFree:        1689872 kB
Dirty:                84 kB
Writeback:             0 kB
AnonPages:        568460 kB
Mapped:           105808 kB
Shmem:              2284 kB
Slab:              26784 kB
SReclaimable:      12476 kB
SUnreclaim:        14308 kB
KernelStack:        3432 kB
PageTables:         8772 kB
NFS_Unstable:          0 kB
Bounce:                0 kB
WritebackTmp:          0 kB
CommitLimit:     3301360 kB
Committed_AS:    3413272 kB
VmallocTotal:     122880 kB
VmallocUsed:           0 kB
VmallocChunk:          0 kB
AnonHugePages:    256000 kB
CmaTotal:              0 kB
CmaFree:               0 kB
HugePages_Total:       0
HugePages_Free:        0
HugePages_Rsvd:        0
HugePages_Surp:        0
Hugepagesize:       2048 kB
DirectMap4k:       43000 kB
DirectMap2M:      870400 kB


CPU:total 2 (2 cores per cpu, 1 threads per core) family 6 model 42 stepping 7, cmov, cx8, fxsr, mmx, sse, sse2, sse3, ssse3, tsc

/proc/cpuinfo:
processor	: 0
vendor_id	: GenuineIntel
cpu family	: 6
model		: 42
model name	: Intel(R) Core(TM) i5-2467M CPU @ 1.60GHz
stepping	: 7
cpu MHz		: 1605.966
cache size	: 6144 KB
physical id	: 0
siblings	: 2
core id		: 0
cpu cores	: 2
apicid		: 0
initial apicid	: 0
fdiv_bug	: no
f00f_bug	: no
coma_bug	: no
fpu		: yes
fpu_exception	: yes
cpuid level	: 5
wp		: yes
flags		: fpu vme de pse tsc msr pae mce cx8 apic sep mtrr pge mca cmov pat pse36 clflush mmx fxsr sse sse2 ht nx rdtscp constant_tsc pni ssse3
bugs		:
bogomips	: 3211.93
clflush size	: 64
cache_alignment	: 64
address sizes	: 36 bits physical, 48 bits virtual
power management:

processor	: 1
vendor_id	: GenuineIntel
cpu family	: 6
model		: 42
model name	: Intel(R) Core(TM) i5-2467M CPU @ 1.60GHz
stepping	: 7
cpu MHz		: 1605.966
cache size	: 6144 KB
physical id	: 0
siblings	: 2
core id		: 1
cpu cores	: 2
apicid		: 1
initial apicid	: 1
fdiv_bug	: no
f00f_bug	: no
coma_bug	: no
fpu		: yes
fpu_exception	: yes
cpuid level	: 5
wp		: yes
flags		: fpu vme de pse tsc msr pae mce cx8 apic sep mtrr pge mca cmov pat pse36 clflush mmx fxsr sse sse2 ht nx rdtscp constant_tsc pni ssse3
bugs		:
bogomips	: 3211.93
clflush size	: 64
cache_alignment	: 64
address sizes	: 36 bits physical, 48 bits virtual
power management:



Memory: 4k page, physical 2410472k(1574304k free), swap 2096124k(1689872k free)

vm_info: Java HotSpot(TM) Server VM (25.91-b14) for linux-x86 JRE (1.8.0_91-b14), built on Apr  1 2016 01:01:13 by "java_re" with gcc 4.3.0 20080428 (Red Hat 4.3.0-8)

time: Thu Jan 12 22:48:20 2017
elapsed time: 21 seconds (0d 0h 0m 21s)

